<?xml version="1.0" encoding="UTF-8"?>
<coverage generated="1756151286526" clover="3.2.0">
  <project timestamp="1756151286527" name="All files">
    <metrics statements="232" coveredstatements="34" conditionals="109" coveredconditionals="29" methods="117" coveredmethods="5" elements="458" coveredelements="68" complexity="0" loc="232" ncloc="232" packages="10" files="30" classes="30"/>
    <package name="src">
      <metrics statements="2" coveredstatements="0" conditionals="0" coveredconditionals="0" methods="1" coveredmethods="0"/>
      <file name="App.tsx" path="/home/null/prj2/mortgage/src/App.tsx">
        <metrics statements="1" coveredstatements="0" conditionals="0" coveredconditionals="0" methods="1" coveredmethods="0"/>
        <line num="7" count="0" type="stmt"/>
      </file>
      <file name="main.tsx" path="/home/null/prj2/mortgage/src/main.tsx">
        <metrics statements="1" coveredstatements="0" conditionals="0" coveredconditionals="0" methods="0" coveredmethods="0"/>
        <line num="6" count="0" type="stmt"/>
      </file>
      <file name="vite-env.d.ts" path="/home/null/prj2/mortgage/src/vite-env.d.ts">
        <metrics statements="0" coveredstatements="0" conditionals="0" coveredconditionals="0" methods="0" coveredmethods="0"/>
      </file>
    </package>
    <package name="src.components">
      <metrics statements="27" coveredstatements="0" conditionals="10" coveredconditionals="0" methods="10" coveredmethods="0"/>
      <file name="theme-provider.tsx" path="/home/null/prj2/mortgage/src/components/theme-provider.tsx">
        <metrics statements="22" coveredstatements="0" conditionals="10" coveredconditionals="0" methods="6" coveredmethods="0"/>
        <line num="16" count="0" type="stmt"/>
        <line num="18" count="0" type="stmt"/>
        <line num="21" count="0" type="stmt"/>
        <line num="29" count="0" type="stmt"/>
        <line num="30" count="0" type="cond" truecount="0" falsecount="2"/>
        <line num="33" count="0" type="stmt"/>
        <line num="34" count="0" type="stmt"/>
        <line num="36" count="0" type="stmt"/>
        <line num="38" count="0" type="cond" truecount="0" falsecount="2"/>
        <line num="39" count="0" type="cond" truecount="0" falsecount="2"/>
        <line num="44" count="0" type="stmt"/>
        <line num="45" count="0" type="stmt"/>
        <line num="48" count="0" type="stmt"/>
        <line num="51" count="0" type="stmt"/>
        <line num="54" count="0" type="stmt"/>
        <line num="55" count="0" type="stmt"/>
        <line num="59" count="0" type="stmt"/>
        <line num="66" count="0" type="stmt"/>
        <line num="67" count="0" type="stmt"/>
        <line num="69" count="0" type="cond" truecount="0" falsecount="2"/>
        <line num="70" count="0" type="stmt"/>
        <line num="72" count="0" type="stmt"/>
      </file>
      <file name="theme-switch.tsx" path="/home/null/prj2/mortgage/src/components/theme-switch.tsx">
        <metrics statements="5" coveredstatements="0" conditionals="0" coveredconditionals="0" methods="4" coveredmethods="0"/>
        <line num="12" count="0" type="stmt"/>
        <line num="14" count="0" type="stmt"/>
        <line num="24" count="0" type="stmt"/>
        <line num="27" count="0" type="stmt"/>
        <line num="30" count="0" type="stmt"/>
      </file>
    </package>
    <package name="src.components.top-bar">
      <metrics statements="1" coveredstatements="0" conditionals="0" coveredconditionals="0" methods="1" coveredmethods="0"/>
      <file name="index.tsx" path="/home/null/prj2/mortgage/src/components/top-bar/index.tsx">
        <metrics statements="1" coveredstatements="0" conditionals="0" coveredconditionals="0" methods="1" coveredmethods="0"/>
        <line num="4" count="0" type="stmt"/>
      </file>
    </package>
    <package name="src.components.ui">
      <metrics statements="74" coveredstatements="0" conditionals="21" coveredconditionals="0" methods="51" coveredmethods="0"/>
      <file name="button.tsx" path="/home/null/prj2/mortgage/src/components/ui/button.tsx">
        <metrics statements="3" coveredstatements="0" conditionals="3" coveredconditionals="0" methods="1" coveredmethods="0"/>
        <line num="7" count="0" type="stmt"/>
        <line num="48" count="0" type="cond" truecount="0" falsecount="2"/>
        <line num="50" count="0" type="stmt"/>
      </file>
      <file name="card.tsx" path="/home/null/prj2/mortgage/src/components/ui/card.tsx">
        <metrics statements="7" coveredstatements="0" conditionals="0" coveredconditionals="0" methods="7" coveredmethods="0"/>
        <line num="6" count="0" type="stmt"/>
        <line num="19" count="0" type="stmt"/>
        <line num="32" count="0" type="stmt"/>
        <line num="42" count="0" type="stmt"/>
        <line num="52" count="0" type="stmt"/>
        <line num="65" count="0" type="stmt"/>
        <line num="75" count="0" type="stmt"/>
      </file>
      <file name="checkbox.tsx" path="/home/null/prj2/mortgage/src/components/ui/checkbox.tsx">
        <metrics statements="1" coveredstatements="0" conditionals="0" coveredconditionals="0" methods="1" coveredmethods="0"/>
        <line num="11" count="0" type="stmt"/>
      </file>
      <file name="dropdown-menu.tsx" path="/home/null/prj2/mortgage/src/components/ui/dropdown-menu.tsx">
        <metrics statements="15" coveredstatements="0" conditionals="2" coveredconditionals="0" methods="15" coveredmethods="0"/>
        <line num="10" count="0" type="stmt"/>
        <line num="16" count="0" type="stmt"/>
        <line num="24" count="0" type="stmt"/>
        <line num="37" count="0" type="stmt"/>
        <line num="55" count="0" type="stmt"/>
        <line num="69" count="0" type="stmt"/>
        <line num="89" count="0" type="stmt"/>
        <line num="112" count="0" type="stmt"/>
        <line num="125" count="0" type="stmt"/>
        <line num="151" count="0" type="stmt"/>
        <line num="168" count="0" type="stmt"/>
        <line num="181" count="0" type="stmt"/>
        <line num="196" count="0" type="stmt"/>
        <line num="207" count="0" type="stmt"/>
        <line num="227" count="0" type="stmt"/>
      </file>
      <file name="form.tsx" path="/home/null/prj2/mortgage/src/components/ui/form.tsx">
        <metrics statements="28" coveredstatements="0" conditionals="10" coveredconditionals="0" methods="7" coveredmethods="0"/>
        <line num="17" count="0" type="stmt"/>
        <line num="26" count="0" type="stmt"/>
        <line num="30" count="0" type="stmt"/>
        <line num="36" count="0" type="stmt"/>
        <line num="43" count="0" type="stmt"/>
        <line num="44" count="0" type="stmt"/>
        <line num="45" count="0" type="stmt"/>
        <line num="46" count="0" type="stmt"/>
        <line num="47" count="0" type="stmt"/>
        <line num="48" count="0" type="stmt"/>
        <line num="50" count="0" type="cond" truecount="0" falsecount="2"/>
        <line num="51" count="0" type="stmt"/>
        <line num="54" count="0" type="stmt"/>
        <line num="56" count="0" type="stmt"/>
        <line num="70" count="0" type="stmt"/>
        <line num="75" count="0" type="stmt"/>
        <line num="77" count="0" type="stmt"/>
        <line num="92" count="0" type="stmt"/>
        <line num="94" count="0" type="stmt"/>
        <line num="106" count="0" type="stmt"/>
        <line num="108" count="0" type="stmt"/>
        <line num="124" count="0" type="stmt"/>
        <line num="126" count="0" type="stmt"/>
        <line num="137" count="0" type="stmt"/>
        <line num="138" count="0" type="cond" truecount="0" falsecount="4"/>
        <line num="140" count="0" type="cond" truecount="0" falsecount="2"/>
        <line num="141" count="0" type="stmt"/>
        <line num="144" count="0" type="stmt"/>
      </file>
      <file name="input.tsx" path="/home/null/prj2/mortgage/src/components/ui/input.tsx">
        <metrics statements="1" coveredstatements="0" conditionals="0" coveredconditionals="0" methods="1" coveredmethods="0"/>
        <line num="6" count="0" type="stmt"/>
      </file>
      <file name="label.tsx" path="/home/null/prj2/mortgage/src/components/ui/label.tsx">
        <metrics statements="1" coveredstatements="0" conditionals="0" coveredconditionals="0" methods="1" coveredmethods="0"/>
        <line num="10" count="0" type="stmt"/>
      </file>
      <file name="select.tsx" path="/home/null/prj2/mortgage/src/components/ui/select.tsx">
        <metrics statements="10" coveredstatements="0" conditionals="6" coveredconditionals="0" methods="10" coveredmethods="0"/>
        <line num="10" count="0" type="stmt"/>
        <line num="16" count="0" type="stmt"/>
        <line num="22" count="0" type="stmt"/>
        <line num="33" count="0" type="stmt"/>
        <line num="57" count="0" type="stmt"/>
        <line num="90" count="0" type="stmt"/>
        <line num="104" count="0" type="stmt"/>
        <line num="127" count="0" type="stmt"/>
        <line num="140" count="0" type="stmt"/>
        <line num="158" count="0" type="stmt"/>
      </file>
      <file name="table.tsx" path="/home/null/prj2/mortgage/src/components/ui/table.tsx">
        <metrics statements="8" coveredstatements="0" conditionals="0" coveredconditionals="0" methods="8" coveredmethods="0"/>
        <line num="6" count="0" type="stmt"/>
        <line num="21" count="0" type="stmt"/>
        <line num="31" count="0" type="stmt"/>
        <line num="41" count="0" type="stmt"/>
        <line num="54" count="0" type="stmt"/>
        <line num="67" count="0" type="stmt"/>
        <line num="80" count="0" type="stmt"/>
        <line num="96" count="0" type="stmt"/>
      </file>
    </package>
    <package name="src.constants">
      <metrics statements="6" coveredstatements="6" conditionals="0" coveredconditionals="0" methods="0" coveredmethods="0"/>
      <file name="approvalThresholds.ts" path="/home/null/prj2/mortgage/src/constants/approvalThresholds.ts">
        <metrics statements="6" coveredstatements="6" conditionals="0" coveredconditionals="0" methods="0" coveredmethods="0"/>
        <line num="1" count="1" type="stmt"/>
        <line num="2" count="1" type="stmt"/>
        <line num="3" count="1" type="stmt"/>
        <line num="5" count="1" type="stmt"/>
        <line num="6" count="1" type="stmt"/>
        <line num="7" count="1" type="stmt"/>
      </file>
    </package>
    <package name="src.lib">
      <metrics statements="29" coveredstatements="0" conditionals="28" coveredconditionals="0" methods="13" coveredmethods="0"/>
      <file name="CsvProcessor.ts" path="/home/null/prj2/mortgage/src/lib/CsvProcessor.ts">
        <metrics statements="14" coveredstatements="0" conditionals="6" coveredconditionals="0" methods="7" coveredmethods="0"/>
        <line num="2" count="0" type="stmt"/>
        <line num="3" count="0" type="cond" truecount="0" falsecount="2"/>
        <line num="5" count="0" type="stmt"/>
        <line num="7" count="0" type="stmt"/>
        <line num="8" count="0" type="stmt"/>
        <line num="9" count="0" type="stmt"/>
        <line num="11" count="0" type="stmt"/>
        <line num="12" count="0" type="cond" truecount="0" falsecount="2"/>
        <line num="15" count="0" type="stmt"/>
        <line num="21" count="0" type="stmt"/>
        <line num="23" count="0" type="stmt"/>
        <line num="25" count="0" type="stmt"/>
        <line num="29" count="0" type="cond" truecount="0" falsecount="2"/>
        <line num="34" count="0" type="stmt"/>
      </file>
      <file name="bulkProcessor.ts" path="/home/null/prj2/mortgage/src/lib/bulkProcessor.ts">
        <metrics statements="8" coveredstatements="0" conditionals="9" coveredconditionals="0" methods="3" coveredmethods="0"/>
        <line num="5" count="0" type="stmt"/>
        <line num="8" count="0" type="stmt"/>
        <line num="9" count="0" type="stmt"/>
        <line num="23" count="0" type="cond" truecount="0" falsecount="2"/>
        <line num="32" count="0" type="stmt"/>
        <line num="43" count="0" type="stmt"/>
        <line num="44" count="0" type="stmt"/>
        <line num="48" count="0" type="stmt"/>
      </file>
      <file name="singleProcessor.ts" path="/home/null/prj2/mortgage/src/lib/singleProcessor.ts">
        <metrics statements="6" coveredstatements="0" conditionals="13" coveredconditionals="0" methods="2" coveredmethods="0"/>
        <line num="3" count="0" type="stmt"/>
        <line num="6" count="0" type="stmt"/>
        <line num="24" count="0" type="cond" truecount="0" falsecount="2"/>
        <line num="37" count="0" type="stmt"/>
        <line num="51" count="0" type="stmt"/>
        <line num="55" count="0" type="stmt"/>
      </file>
      <file name="utils.ts" path="/home/null/prj2/mortgage/src/lib/utils.ts">
        <metrics statements="1" coveredstatements="0" conditionals="0" coveredconditionals="0" methods="1" coveredmethods="0"/>
        <line num="5" count="0" type="stmt"/>
      </file>
    </package>
    <package name="src.pages">
      <metrics statements="52" coveredstatements="0" conditionals="10" coveredconditionals="0" methods="29" coveredmethods="0"/>
      <file name="AllResultsTable.tsx" path="/home/null/prj2/mortgage/src/pages/AllResultsTable.tsx">
        <metrics statements="8" coveredstatements="0" conditionals="2" coveredconditionals="0" methods="4" coveredmethods="0"/>
        <line num="12" count="0" type="stmt"/>
        <line num="16" count="0" type="stmt"/>
        <line num="18" count="0" type="stmt"/>
        <line num="20" count="0" type="stmt"/>
        <line num="21" count="0" type="stmt"/>
        <line num="23" count="0" type="stmt"/>
        <line num="26" count="0" type="stmt"/>
        <line num="44" count="0" type="stmt"/>
      </file>
      <file name="Calculator.tsx" path="/home/null/prj2/mortgage/src/pages/Calculator.tsx">
        <metrics statements="18" coveredstatements="0" conditionals="0" coveredconditionals="0" methods="15" coveredmethods="0"/>
        <line num="26" count="0" type="stmt"/>
        <line num="52" count="0" type="stmt"/>
        <line num="54" count="0" type="stmt"/>
        <line num="70" count="0" type="stmt"/>
        <line num="73" count="0" type="stmt"/>
        <line num="90" count="0" type="stmt"/>
        <line num="103" count="0" type="stmt"/>
        <line num="106" count="0" type="stmt"/>
        <line num="116" count="0" type="stmt"/>
        <line num="119" count="0" type="stmt"/>
        <line num="129" count="0" type="stmt"/>
        <line num="132" count="0" type="stmt"/>
        <line num="142" count="0" type="stmt"/>
        <line num="145" count="0" type="stmt"/>
        <line num="155" count="0" type="stmt"/>
        <line num="158" count="0" type="stmt"/>
        <line num="168" count="0" type="stmt"/>
        <line num="190" count="0" type="stmt"/>
      </file>
      <file name="Home.tsx" path="/home/null/prj2/mortgage/src/pages/Home.tsx">
        <metrics statements="11" coveredstatements="0" conditionals="2" coveredconditionals="0" methods="5" coveredmethods="0"/>
        <line num="10" count="0" type="stmt"/>
        <line num="12" count="0" type="stmt"/>
        <line num="13" count="0" type="stmt"/>
        <line num="14" count="0" type="cond" truecount="0" falsecount="2"/>
        <line num="16" count="0" type="stmt"/>
        <line num="17" count="0" type="stmt"/>
        <line num="18" count="0" type="stmt"/>
        <line num="21" count="0" type="stmt"/>
        <line num="23" count="0" type="stmt"/>
        <line num="39" count="0" type="stmt"/>
        <line num="74" count="0" type="stmt"/>
      </file>
      <file name="Results.tsx" path="/home/null/prj2/mortgage/src/pages/Results.tsx">
        <metrics statements="15" coveredstatements="0" conditionals="6" coveredconditionals="0" methods="5" coveredmethods="0"/>
        <line num="21" count="0" type="stmt"/>
        <line num="22" count="0" type="cond" truecount="0" falsecount="2"/>
        <line num="23" count="0" type="stmt"/>
        <line num="26" count="0" type="stmt"/>
        <line num="28" count="0" type="stmt"/>
        <line num="29" count="0" type="stmt"/>
        <line num="30" count="0" type="stmt"/>
        <line num="31" count="0" type="cond" truecount="0" falsecount="2"/>
        <line num="34" count="0" type="cond" truecount="0" falsecount="2"/>
        <line num="35" count="0" type="stmt"/>
        <line num="36" count="0" type="stmt"/>
        <line num="39" count="0" type="stmt"/>
        <line num="55" count="0" type="stmt"/>
        <line num="63" count="0" type="stmt"/>
        <line num="69" count="0" type="stmt"/>
      </file>
    </package>
    <package name="src.routers">
      <metrics statements="1" coveredstatements="0" conditionals="0" coveredconditionals="0" methods="1" coveredmethods="0"/>
      <file name="routes.tsx" path="/home/null/prj2/mortgage/src/routers/routes.tsx">
        <metrics statements="1" coveredstatements="0" conditionals="0" coveredconditionals="0" methods="1" coveredmethods="0"/>
        <line num="8" count="0" type="stmt"/>
      </file>
    </package>
    <package name="src.rules">
      <metrics statements="30" coveredstatements="28" conditionals="40" coveredconditionals="29" methods="7" coveredmethods="5"/>
      <file name="approvalRules.ts" path="/home/null/prj2/mortgage/src/rules/approvalRules.ts">
        <metrics statements="10" coveredstatements="10" conditionals="10" coveredconditionals="10" methods="2" coveredmethods="2"/>
        <line num="26" count="3" type="stmt"/>
        <line num="27" count="3" type="stmt"/>
        <line num="28" count="3" type="stmt"/>
        <line num="29" count="3" type="stmt"/>
        <line num="30" count="3" type="stmt"/>
        <line num="34" count="3" type="cond" truecount="2" falsecount="0"/>
        <line num="38" count="1" type="stmt"/>
        <line num="40" count="2" type="cond" truecount="2" falsecount="0"/>
        <line num="44" count="1" type="stmt"/>
        <line num="46" count="1" type="stmt"/>
      </file>
      <file name="ratios.ts" path="/home/null/prj2/mortgage/src/rules/ratios.ts">
        <metrics statements="2" coveredstatements="2" conditionals="0" coveredconditionals="0" methods="2" coveredmethods="2"/>
        <line num="2" count="4" type="stmt"/>
        <line num="6" count="4" type="stmt"/>
      </file>
      <file name="reasonsList.ts" path="/home/null/prj2/mortgage/src/rules/reasonsList.ts">
        <metrics statements="2" coveredstatements="0" conditionals="0" coveredconditionals="0" methods="2" coveredmethods="0"/>
        <line num="8" count="0" type="stmt"/>
        <line num="31" count="0" type="stmt"/>
      </file>
      <file name="reasonsPicker.ts" path="/home/null/prj2/mortgage/src/rules/reasonsPicker.ts">
        <metrics statements="16" coveredstatements="16" conditionals="30" coveredconditionals="19" methods="1" coveredmethods="1"/>
        <line num="5" count="3" type="stmt"/>
        <line num="7" count="3" type="cond" truecount="2" falsecount="0"/>
        <line num="8" count="1" type="cond" truecount="1" falsecount="1"/>
        <line num="9" count="1" type="cond" truecount="1" falsecount="1"/>
        <line num="10" count="1" type="cond" truecount="1" falsecount="1"/>
        <line num="13" count="3" type="cond" truecount="2" falsecount="0"/>
        <line num="14" count="1" type="cond" truecount="2" falsecount="2"/>
        <line num="15" count="1" type="cond" truecount="2" falsecount="2"/>
        <line num="16" count="1" type="cond" truecount="3" falsecount="1"/>
        <line num="17" count="1" type="stmt"/>
        <line num="18" count="1" type="stmt"/>
        <line num="21" count="3" type="cond" truecount="2" falsecount="0"/>
        <line num="22" count="1" type="cond" truecount="1" falsecount="1"/>
        <line num="23" count="1" type="cond" truecount="1" falsecount="1"/>
        <line num="24" count="1" type="cond" truecount="1" falsecount="1"/>
        <line num="27" count="3" type="stmt"/>
      </file>
    </package>
    <package name="src.services">
      <metrics statements="10" coveredstatements="0" conditionals="0" coveredconditionals="0" methods="4" coveredmethods="0"/>
      <file name="dataService.ts" path="/home/null/prj2/mortgage/src/services/dataService.ts">
        <metrics statements="10" coveredstatements="0" conditionals="0" coveredconditionals="0" methods="4" coveredmethods="0"/>
        <line num="28" count="0" type="stmt"/>
        <line num="30" count="0" type="stmt"/>
        <line num="35" count="0" type="stmt"/>
        <line num="48" count="0" type="stmt"/>
        <line num="49" count="0" type="stmt"/>
        <line num="50" count="0" type="stmt"/>
        <line num="54" count="0" type="stmt"/>
        <line num="55" count="0" type="stmt"/>
        <line num="59" count="0" type="stmt"/>
        <line num="60" count="0" type="stmt"/>
      </file>
    </package>
  </project>
</coverage>
