{"/home/null/prj2/mortgage/src/App.tsx": {"path":"/home/null/prj2/mortgage/src/App.tsx","statementMap":{"0":{"start":{"line":7,"column":2},"end":{"line":12,"column":3}}},"fnMap":{"0":{"name":"App","decl":{"start":{"line":6,"column":9},"end":{"line":6,"column":12}},"loc":{"start":{"line":6,"column":15},"end":{"line":13,"column":1}},"line":6}},"branchMap":{},"s":{"0":0},"f":{"0":0},"b":{}}
,"/home/null/prj2/mortgage/src/main.tsx": {"path":"/home/null/prj2/mortgage/src/main.tsx","statementMap":{"0":{"start":{"line":6,"column":0},"end":{"line":10,"column":1}}},"fnMap":{},"branchMap":{},"s":{"0":0},"f":{},"b":{}}
,"/home/null/prj2/mortgage/src/vite-env.d.ts": {"path":"/home/null/prj2/mortgage/src/vite-env.d.ts","statementMap":{},"fnMap":{},"branchMap":{},"s":{},"f":{},"b":{}}
,"/home/null/prj2/mortgage/src/components/theme-provider.tsx": {"path":"/home/null/prj2/mortgage/src/components/theme-provider.tsx","statementMap":{"0":{"start":{"line":16,"column":41},"end":{"line":19,"column":1}},"1":{"start":{"line":18,"column":18},"end":{"line":18,"column":22}},"2":{"start":{"line":21,"column":29},"end":{"line":21,"column":76}},"3":{"start":{"line":29,"column":28},"end":{"line":31,"column":3}},"4":{"start":{"line":30,"column":10},"end":{"line":30,"column":69}},"5":{"start":{"line":33,"column":2},"end":{"line":49,"column":13}},"6":{"start":{"line":34,"column":17},"end":{"line":34,"column":48}},"7":{"start":{"line":36,"column":4},"end":{"line":36,"column":42}},"8":{"start":{"line":38,"column":4},"end":{"line":46,"column":5}},"9":{"start":{"line":39,"column":26},"end":{"line":42,"column":17}},"10":{"start":{"line":44,"column":6},"end":{"line":44,"column":37}},"11":{"start":{"line":45,"column":6},"end":{"line":45,"column":12}},"12":{"start":{"line":48,"column":4},"end":{"line":48,"column":29}},"13":{"start":{"line":51,"column":16},"end":{"line":57,"column":3}},"14":{"start":{"line":54,"column":6},"end":{"line":54,"column":45}},"15":{"start":{"line":55,"column":6},"end":{"line":55,"column":21}},"16":{"start":{"line":59,"column":2},"end":{"line":63,"column":3}},"17":{"start":{"line":66,"column":24},"end":{"line":73,"column":1}},"18":{"start":{"line":67,"column":18},"end":{"line":67,"column":50}},"19":{"start":{"line":69,"column":2},"end":{"line":70,"column":67}},"20":{"start":{"line":70,"column":4},"end":{"line":70,"column":67}},"21":{"start":{"line":72,"column":2},"end":{"line":72,"column":16}}},"fnMap":{"0":{"name":"(anonymous_0)","decl":{"start":{"line":18,"column":12},"end":{"line":18,"column":13}},"loc":{"start":{"line":18,"column":18},"end":{"line":18,"column":22}},"line":18},"1":{"name":"ThemeProvider","decl":{"start":{"line":23,"column":16},"end":{"line":23,"column":29}},"loc":{"start":{"line":28,"column":23},"end":{"line":64,"column":1}},"line":28},"2":{"name":"(anonymous_2)","decl":{"start":{"line":30,"column":4},"end":{"line":30,"column":5}},"loc":{"start":{"line":30,"column":10},"end":{"line":30,"column":69}},"line":30},"3":{"name":"(anonymous_3)","decl":{"start":{"line":33,"column":12},"end":{"line":33,"column":13}},"loc":{"start":{"line":33,"column":18},"end":{"line":49,"column":3}},"line":33},"4":{"name":"(anonymous_4)","decl":{"start":{"line":53,"column":14},"end":{"line":53,"column":15}},"loc":{"start":{"line":53,"column":32},"end":{"line":56,"column":5}},"line":53},"5":{"name":"(anonymous_5)","decl":{"start":{"line":66,"column":24},"end":{"line":66,"column":25}},"loc":{"start":{"line":66,"column":30},"end":{"line":73,"column":1}},"line":66}},"branchMap":{"0":{"loc":{"start":{"line":25,"column":2},"end":{"line":25,"column":25}},"type":"default-arg","locations":[{"start":{"line":25,"column":17},"end":{"line":25,"column":25}}],"line":25},"1":{"loc":{"start":{"line":26,"column":2},"end":{"line":26,"column":30}},"type":"default-arg","locations":[{"start":{"line":26,"column":15},"end":{"line":26,"column":30}}],"line":26},"2":{"loc":{"start":{"line":30,"column":10},"end":{"line":30,"column":69}},"type":"binary-expr","locations":[{"start":{"line":30,"column":11},"end":{"line":30,"column":52}},{"start":{"line":30,"column":57},"end":{"line":30,"column":69}}],"line":30},"3":{"loc":{"start":{"line":38,"column":4},"end":{"line":46,"column":5}},"type":"if","locations":[{"start":{"line":38,"column":4},"end":{"line":46,"column":5}},{"start":{},"end":{}}],"line":38},"4":{"loc":{"start":{"line":39,"column":26},"end":{"line":42,"column":17}},"type":"cond-expr","locations":[{"start":{"line":41,"column":10},"end":{"line":41,"column":16}},{"start":{"line":42,"column":10},"end":{"line":42,"column":17}}],"line":39},"5":{"loc":{"start":{"line":69,"column":2},"end":{"line":70,"column":67}},"type":"if","locations":[{"start":{"line":69,"column":2},"end":{"line":70,"column":67}},{"start":{},"end":{}}],"line":69}},"s":{"0":0,"1":0,"2":0,"3":0,"4":0,"5":0,"6":0,"7":0,"8":0,"9":0,"10":0,"11":0,"12":0,"13":0,"14":0,"15":0,"16":0,"17":0,"18":0,"19":0,"20":0,"21":0},"f":{"0":0,"1":0,"2":0,"3":0,"4":0,"5":0},"b":{"0":[0],"1":[0],"2":[0,0],"3":[0,0],"4":[0,0],"5":[0,0]}}
,"/home/null/prj2/mortgage/src/components/theme-switch.tsx": {"path":"/home/null/prj2/mortgage/src/components/theme-switch.tsx","statementMap":{"0":{"start":{"line":12,"column":23},"end":{"line":12,"column":33}},"1":{"start":{"line":14,"column":2},"end":{"line":35,"column":3}},"2":{"start":{"line":24,"column":41},"end":{"line":24,"column":58}},"3":{"start":{"line":27,"column":41},"end":{"line":27,"column":57}},"4":{"start":{"line":30,"column":41},"end":{"line":30,"column":59}}},"fnMap":{"0":{"name":"ThemeSwitch","decl":{"start":{"line":11,"column":16},"end":{"line":11,"column":27}},"loc":{"start":{"line":11,"column":30},"end":{"line":36,"column":1}},"line":11},"1":{"name":"(anonymous_1)","decl":{"start":{"line":24,"column":35},"end":{"line":24,"column":36}},"loc":{"start":{"line":24,"column":41},"end":{"line":24,"column":58}},"line":24},"2":{"name":"(anonymous_2)","decl":{"start":{"line":27,"column":35},"end":{"line":27,"column":36}},"loc":{"start":{"line":27,"column":41},"end":{"line":27,"column":57}},"line":27},"3":{"name":"(anonymous_3)","decl":{"start":{"line":30,"column":35},"end":{"line":30,"column":36}},"loc":{"start":{"line":30,"column":41},"end":{"line":30,"column":59}},"line":30}},"branchMap":{},"s":{"0":0,"1":0,"2":0,"3":0,"4":0},"f":{"0":0,"1":0,"2":0,"3":0},"b":{}}
,"/home/null/prj2/mortgage/src/components/top-bar/index.tsx": {"path":"/home/null/prj2/mortgage/src/components/top-bar/index.tsx","statementMap":{"0":{"start":{"line":4,"column":2},"end":{"line":22,"column":4}}},"fnMap":{"0":{"name":"TopBar","decl":{"start":{"line":3,"column":24},"end":{"line":3,"column":30}},"loc":{"start":{"line":3,"column":33},"end":{"line":23,"column":1}},"line":3}},"branchMap":{},"s":{"0":0},"f":{"0":0},"b":{}}
,"/home/null/prj2/mortgage/src/components/ui/button.tsx": {"path":"/home/null/prj2/mortgage/src/components/ui/button.tsx","statementMap":{"0":{"start":{"line":7,"column":23},"end":{"line":36,"column":1}},"1":{"start":{"line":48,"column":15},"end":{"line":48,"column":40}},"2":{"start":{"line":50,"column":2},"end":{"line":56,"column":3}}},"fnMap":{"0":{"name":"Button","decl":{"start":{"line":38,"column":9},"end":{"line":38,"column":15}},"loc":{"start":{"line":47,"column":5},"end":{"line":57,"column":1}},"line":47}},"branchMap":{"0":{"loc":{"start":{"line":42,"column":2},"end":{"line":42,"column":17}},"type":"default-arg","locations":[{"start":{"line":42,"column":12},"end":{"line":42,"column":17}}],"line":42},"1":{"loc":{"start":{"line":48,"column":15},"end":{"line":48,"column":40}},"type":"cond-expr","locations":[{"start":{"line":48,"column":25},"end":{"line":48,"column":29}},{"start":{"line":48,"column":32},"end":{"line":48,"column":40}}],"line":48}},"s":{"0":0,"1":0,"2":0},"f":{"0":0},"b":{"0":[0],"1":[0,0]}}
,"/home/null/prj2/mortgage/src/components/ui/card.tsx": {"path":"/home/null/prj2/mortgage/src/components/ui/card.tsx","statementMap":{"0":{"start":{"line":6,"column":2},"end":{"line":15,"column":3}},"1":{"start":{"line":19,"column":2},"end":{"line":28,"column":3}},"2":{"start":{"line":32,"column":2},"end":{"line":38,"column":3}},"3":{"start":{"line":42,"column":2},"end":{"line":48,"column":3}},"4":{"start":{"line":52,"column":2},"end":{"line":61,"column":3}},"5":{"start":{"line":65,"column":2},"end":{"line":71,"column":3}},"6":{"start":{"line":75,"column":2},"end":{"line":81,"column":3}}},"fnMap":{"0":{"name":"Card","decl":{"start":{"line":5,"column":9},"end":{"line":5,"column":13}},"loc":{"start":{"line":5,"column":68},"end":{"line":16,"column":1}},"line":5},"1":{"name":"CardHeader","decl":{"start":{"line":18,"column":9},"end":{"line":18,"column":19}},"loc":{"start":{"line":18,"column":74},"end":{"line":29,"column":1}},"line":18},"2":{"name":"CardTitle","decl":{"start":{"line":31,"column":9},"end":{"line":31,"column":18}},"loc":{"start":{"line":31,"column":73},"end":{"line":39,"column":1}},"line":31},"3":{"name":"CardDescription","decl":{"start":{"line":41,"column":9},"end":{"line":41,"column":24}},"loc":{"start":{"line":41,"column":79},"end":{"line":49,"column":1}},"line":41},"4":{"name":"CardAction","decl":{"start":{"line":51,"column":9},"end":{"line":51,"column":19}},"loc":{"start":{"line":51,"column":74},"end":{"line":62,"column":1}},"line":51},"5":{"name":"CardContent","decl":{"start":{"line":64,"column":9},"end":{"line":64,"column":20}},"loc":{"start":{"line":64,"column":75},"end":{"line":72,"column":1}},"line":64},"6":{"name":"CardFooter","decl":{"start":{"line":74,"column":9},"end":{"line":74,"column":19}},"loc":{"start":{"line":74,"column":74},"end":{"line":82,"column":1}},"line":74}},"branchMap":{},"s":{"0":0,"1":0,"2":0,"3":0,"4":0,"5":0,"6":0},"f":{"0":0,"1":0,"2":0,"3":0,"4":0,"5":0,"6":0},"b":{}}
,"/home/null/prj2/mortgage/src/components/ui/checkbox.tsx": {"path":"/home/null/prj2/mortgage/src/components/ui/checkbox.tsx","statementMap":{"0":{"start":{"line":11,"column":2},"end":{"line":27,"column":3}}},"fnMap":{"0":{"name":"Checkbox","decl":{"start":{"line":7,"column":9},"end":{"line":7,"column":17}},"loc":{"start":{"line":10,"column":56},"end":{"line":28,"column":1}},"line":10}},"branchMap":{},"s":{"0":0},"f":{"0":0},"b":{}}
,"/home/null/prj2/mortgage/src/components/ui/dropdown-menu.tsx": {"path":"/home/null/prj2/mortgage/src/components/ui/dropdown-menu.tsx","statementMap":{"0":{"start":{"line":10,"column":2},"end":{"line":10,"column":76}},"1":{"start":{"line":16,"column":2},"end":{"line":18,"column":3}},"2":{"start":{"line":24,"column":2},"end":{"line":29,"column":3}},"3":{"start":{"line":37,"column":2},"end":{"line":49,"column":3}},"4":{"start":{"line":55,"column":2},"end":{"line":57,"column":3}},"5":{"start":{"line":69,"column":2},"end":{"line":80,"column":3}},"6":{"start":{"line":89,"column":2},"end":{"line":106,"column":3}},"7":{"start":{"line":112,"column":2},"end":{"line":117,"column":3}},"8":{"start":{"line":125,"column":2},"end":{"line":141,"column":3}},"9":{"start":{"line":151,"column":2},"end":{"line":161,"column":3}},"10":{"start":{"line":168,"column":2},"end":{"line":174,"column":3}},"11":{"start":{"line":181,"column":2},"end":{"line":190,"column":3}},"12":{"start":{"line":196,"column":2},"end":{"line":196,"column":79}},"13":{"start":{"line":207,"column":2},"end":{"line":220,"column":3}},"14":{"start":{"line":227,"column":2},"end":{"line":236,"column":3}}},"fnMap":{"0":{"name":"DropdownMenu","decl":{"start":{"line":7,"column":9},"end":{"line":7,"column":21}},"loc":{"start":{"line":9,"column":60},"end":{"line":11,"column":1}},"line":9},"1":{"name":"DropdownMenuPortal","decl":{"start":{"line":13,"column":9},"end":{"line":13,"column":27}},"loc":{"start":{"line":15,"column":62},"end":{"line":19,"column":1}},"line":15},"2":{"name":"DropdownMenuTrigger","decl":{"start":{"line":21,"column":9},"end":{"line":21,"column":28}},"loc":{"start":{"line":23,"column":63},"end":{"line":30,"column":1}},"line":23},"3":{"name":"DropdownMenuContent","decl":{"start":{"line":32,"column":9},"end":{"line":32,"column":28}},"loc":{"start":{"line":36,"column":63},"end":{"line":50,"column":1}},"line":36},"4":{"name":"DropdownMenuGroup","decl":{"start":{"line":52,"column":9},"end":{"line":52,"column":26}},"loc":{"start":{"line":54,"column":61},"end":{"line":58,"column":1}},"line":54},"5":{"name":"DropdownMenuItem","decl":{"start":{"line":60,"column":9},"end":{"line":60,"column":25}},"loc":{"start":{"line":68,"column":3},"end":{"line":81,"column":1}},"line":68},"6":{"name":"DropdownMenuCheckboxItem","decl":{"start":{"line":83,"column":9},"end":{"line":83,"column":33}},"loc":{"start":{"line":88,"column":68},"end":{"line":107,"column":1}},"line":88},"7":{"name":"DropdownMenuRadioGroup","decl":{"start":{"line":109,"column":9},"end":{"line":109,"column":31}},"loc":{"start":{"line":111,"column":66},"end":{"line":118,"column":1}},"line":111},"8":{"name":"DropdownMenuRadioItem","decl":{"start":{"line":120,"column":9},"end":{"line":120,"column":30}},"loc":{"start":{"line":124,"column":65},"end":{"line":142,"column":1}},"line":124},"9":{"name":"DropdownMenuLabel","decl":{"start":{"line":144,"column":9},"end":{"line":144,"column":26}},"loc":{"start":{"line":150,"column":3},"end":{"line":162,"column":1}},"line":150},"10":{"name":"DropdownMenuSeparator","decl":{"start":{"line":164,"column":9},"end":{"line":164,"column":30}},"loc":{"start":{"line":167,"column":65},"end":{"line":175,"column":1}},"line":167},"11":{"name":"DropdownMenuShortcut","decl":{"start":{"line":177,"column":9},"end":{"line":177,"column":29}},"loc":{"start":{"line":180,"column":33},"end":{"line":191,"column":1}},"line":180},"12":{"name":"DropdownMenuSub","decl":{"start":{"line":193,"column":9},"end":{"line":193,"column":24}},"loc":{"start":{"line":195,"column":59},"end":{"line":197,"column":1}},"line":195},"13":{"name":"DropdownMenuSubTrigger","decl":{"start":{"line":199,"column":9},"end":{"line":199,"column":31}},"loc":{"start":{"line":206,"column":3},"end":{"line":221,"column":1}},"line":206},"14":{"name":"DropdownMenuSubContent","decl":{"start":{"line":223,"column":9},"end":{"line":223,"column":31}},"loc":{"start":{"line":226,"column":66},"end":{"line":237,"column":1}},"line":226}},"branchMap":{"0":{"loc":{"start":{"line":34,"column":2},"end":{"line":34,"column":16}},"type":"default-arg","locations":[{"start":{"line":34,"column":15},"end":{"line":34,"column":16}}],"line":34},"1":{"loc":{"start":{"line":63,"column":2},"end":{"line":63,"column":21}},"type":"default-arg","locations":[{"start":{"line":63,"column":12},"end":{"line":63,"column":21}}],"line":63}},"s":{"0":0,"1":0,"2":0,"3":0,"4":0,"5":0,"6":0,"7":0,"8":0,"9":0,"10":0,"11":0,"12":0,"13":0,"14":0},"f":{"0":0,"1":0,"2":0,"3":0,"4":0,"5":0,"6":0,"7":0,"8":0,"9":0,"10":0,"11":0,"12":0,"13":0,"14":0},"b":{"0":[0],"1":[0]}}
,"/home/null/prj2/mortgage/src/components/ui/form.tsx": {"path":"/home/null/prj2/mortgage/src/components/ui/form.tsx","statementMap":{"0":{"start":{"line":17,"column":13},"end":{"line":17,"column":25}},"1":{"start":{"line":26,"column":25},"end":{"line":28,"column":1}},"2":{"start":{"line":30,"column":18},"end":{"line":41,"column":1}},"3":{"start":{"line":36,"column":2},"end":{"line":40,"column":3}},"4":{"start":{"line":43,"column":21},"end":{"line":64,"column":1}},"5":{"start":{"line":44,"column":23},"end":{"line":44,"column":57}},"6":{"start":{"line":45,"column":22},"end":{"line":45,"column":55}},"7":{"start":{"line":46,"column":28},"end":{"line":46,"column":44}},"8":{"start":{"line":47,"column":20},"end":{"line":47,"column":61}},"9":{"start":{"line":48,"column":21},"end":{"line":48,"column":64}},"10":{"start":{"line":50,"column":2},"end":{"line":52,"column":3}},"11":{"start":{"line":51,"column":4},"end":{"line":51,"column":69}},"12":{"start":{"line":54,"column":17},"end":{"line":54,"column":28}},"13":{"start":{"line":56,"column":2},"end":{"line":63,"column":3}},"14":{"start":{"line":70,"column":24},"end":{"line":72,"column":1}},"15":{"start":{"line":75,"column":13},"end":{"line":75,"column":26}},"16":{"start":{"line":77,"column":2},"end":{"line":85,"column":3}},"17":{"start":{"line":92,"column":32},"end":{"line":92,"column":46}},"18":{"start":{"line":94,"column":2},"end":{"line":102,"column":3}},"19":{"start":{"line":106,"column":66},"end":{"line":106,"column":80}},"20":{"start":{"line":108,"column":2},"end":{"line":120,"column":3}},"21":{"start":{"line":124,"column":32},"end":{"line":124,"column":46}},"22":{"start":{"line":126,"column":2},"end":{"line":133,"column":3}},"23":{"start":{"line":137,"column":35},"end":{"line":137,"column":49}},"24":{"start":{"line":138,"column":15},"end":{"line":138,"column":68}},"25":{"start":{"line":140,"column":2},"end":{"line":142,"column":3}},"26":{"start":{"line":141,"column":4},"end":{"line":141,"column":15}},"27":{"start":{"line":144,"column":2},"end":{"line":153,"column":3}}},"fnMap":{"0":{"name":"(anonymous_0)","decl":{"start":{"line":30,"column":18},"end":{"line":30,"column":19}},"loc":{"start":{"line":35,"column":44},"end":{"line":41,"column":1}},"line":35},"1":{"name":"(anonymous_1)","decl":{"start":{"line":43,"column":21},"end":{"line":43,"column":22}},"loc":{"start":{"line":43,"column":27},"end":{"line":64,"column":1}},"line":43},"2":{"name":"FormItem","decl":{"start":{"line":74,"column":9},"end":{"line":74,"column":17}},"loc":{"start":{"line":74,"column":72},"end":{"line":86,"column":1}},"line":74},"3":{"name":"FormLabel","decl":{"start":{"line":88,"column":9},"end":{"line":88,"column":18}},"loc":{"start":{"line":91,"column":53},"end":{"line":103,"column":1}},"line":91},"4":{"name":"FormControl","decl":{"start":{"line":105,"column":9},"end":{"line":105,"column":20}},"loc":{"start":{"line":105,"column":70},"end":{"line":121,"column":1}},"line":105},"5":{"name":"FormDescription","decl":{"start":{"line":123,"column":9},"end":{"line":123,"column":24}},"loc":{"start":{"line":123,"column":77},"end":{"line":134,"column":1}},"line":123},"6":{"name":"FormMessage","decl":{"start":{"line":136,"column":9},"end":{"line":136,"column":20}},"loc":{"start":{"line":136,"column":73},"end":{"line":154,"column":1}},"line":136}},"branchMap":{"0":{"loc":{"start":{"line":50,"column":2},"end":{"line":52,"column":3}},"type":"if","locations":[{"start":{"line":50,"column":2},"end":{"line":52,"column":3}},{"start":{},"end":{}}],"line":50},"1":{"loc":{"start":{"line":113,"column":8},"end":{"line":115,"column":51}},"type":"cond-expr","locations":[{"start":{"line":114,"column":12},"end":{"line":114,"column":34}},{"start":{"line":115,"column":12},"end":{"line":115,"column":51}}],"line":113},"2":{"loc":{"start":{"line":138,"column":15},"end":{"line":138,"column":68}},"type":"cond-expr","locations":[{"start":{"line":138,"column":23},"end":{"line":138,"column":51}},{"start":{"line":138,"column":54},"end":{"line":138,"column":68}}],"line":138},"3":{"loc":{"start":{"line":138,"column":30},"end":{"line":138,"column":50}},"type":"binary-expr","locations":[{"start":{"line":138,"column":30},"end":{"line":138,"column":44}},{"start":{"line":138,"column":48},"end":{"line":138,"column":50}}],"line":138},"4":{"loc":{"start":{"line":140,"column":2},"end":{"line":142,"column":3}},"type":"if","locations":[{"start":{"line":140,"column":2},"end":{"line":142,"column":3}},{"start":{},"end":{}}],"line":140}},"s":{"0":0,"1":0,"2":0,"3":0,"4":0,"5":0,"6":0,"7":0,"8":0,"9":0,"10":0,"11":0,"12":0,"13":0,"14":0,"15":0,"16":0,"17":0,"18":0,"19":0,"20":0,"21":0,"22":0,"23":0,"24":0,"25":0,"26":0,"27":0},"f":{"0":0,"1":0,"2":0,"3":0,"4":0,"5":0,"6":0},"b":{"0":[0,0],"1":[0,0],"2":[0,0],"3":[0,0],"4":[0,0]}}
,"/home/null/prj2/mortgage/src/components/ui/input.tsx": {"path":"/home/null/prj2/mortgage/src/components/ui/input.tsx","statementMap":{"0":{"start":{"line":6,"column":2},"end":{"line":18,"column":3}}},"fnMap":{"0":{"name":"Input","decl":{"start":{"line":5,"column":9},"end":{"line":5,"column":14}},"loc":{"start":{"line":5,"column":77},"end":{"line":19,"column":1}},"line":5}},"branchMap":{},"s":{"0":0},"f":{"0":0},"b":{}}
,"/home/null/prj2/mortgage/src/components/ui/label.tsx": {"path":"/home/null/prj2/mortgage/src/components/ui/label.tsx","statementMap":{"0":{"start":{"line":10,"column":2},"end":{"line":19,"column":3}}},"fnMap":{"0":{"name":"Label","decl":{"start":{"line":6,"column":9},"end":{"line":6,"column":14}},"loc":{"start":{"line":9,"column":53},"end":{"line":20,"column":1}},"line":9}},"branchMap":{},"s":{"0":0},"f":{"0":0},"b":{}}
,"/home/null/prj2/mortgage/src/components/ui/select.tsx": {"path":"/home/null/prj2/mortgage/src/components/ui/select.tsx","statementMap":{"0":{"start":{"line":10,"column":2},"end":{"line":10,"column":63}},"1":{"start":{"line":16,"column":2},"end":{"line":16,"column":70}},"2":{"start":{"line":22,"column":2},"end":{"line":22,"column":70}},"3":{"start":{"line":33,"column":2},"end":{"line":48,"column":3}},"4":{"start":{"line":57,"column":2},"end":{"line":83,"column":3}},"5":{"start":{"line":90,"column":2},"end":{"line":96,"column":3}},"6":{"start":{"line":104,"column":2},"end":{"line":120,"column":3}},"7":{"start":{"line":127,"column":2},"end":{"line":133,"column":3}},"8":{"start":{"line":140,"column":2},"end":{"line":151,"column":3}},"9":{"start":{"line":158,"column":2},"end":{"line":169,"column":3}}},"fnMap":{"0":{"name":"Select","decl":{"start":{"line":7,"column":9},"end":{"line":7,"column":15}},"loc":{"start":{"line":9,"column":54},"end":{"line":11,"column":1}},"line":9},"1":{"name":"SelectGroup","decl":{"start":{"line":13,"column":9},"end":{"line":13,"column":20}},"loc":{"start":{"line":15,"column":55},"end":{"line":17,"column":1}},"line":15},"2":{"name":"SelectValue","decl":{"start":{"line":19,"column":9},"end":{"line":19,"column":20}},"loc":{"start":{"line":21,"column":55},"end":{"line":23,"column":1}},"line":21},"3":{"name":"SelectTrigger","decl":{"start":{"line":25,"column":9},"end":{"line":25,"column":22}},"loc":{"start":{"line":32,"column":3},"end":{"line":49,"column":1}},"line":32},"4":{"name":"SelectContent","decl":{"start":{"line":51,"column":9},"end":{"line":51,"column":22}},"loc":{"start":{"line":56,"column":57},"end":{"line":84,"column":1}},"line":56},"5":{"name":"SelectLabel","decl":{"start":{"line":86,"column":9},"end":{"line":86,"column":20}},"loc":{"start":{"line":89,"column":55},"end":{"line":97,"column":1}},"line":89},"6":{"name":"SelectItem","decl":{"start":{"line":99,"column":9},"end":{"line":99,"column":19}},"loc":{"start":{"line":103,"column":54},"end":{"line":121,"column":1}},"line":103},"7":{"name":"SelectSeparator","decl":{"start":{"line":123,"column":9},"end":{"line":123,"column":24}},"loc":{"start":{"line":126,"column":59},"end":{"line":134,"column":1}},"line":126},"8":{"name":"SelectScrollUpButton","decl":{"start":{"line":136,"column":9},"end":{"line":136,"column":29}},"loc":{"start":{"line":139,"column":64},"end":{"line":152,"column":1}},"line":139},"9":{"name":"SelectScrollDownButton","decl":{"start":{"line":154,"column":9},"end":{"line":154,"column":31}},"loc":{"start":{"line":157,"column":66},"end":{"line":170,"column":1}},"line":157}},"branchMap":{"0":{"loc":{"start":{"line":27,"column":2},"end":{"line":27,"column":18}},"type":"default-arg","locations":[{"start":{"line":27,"column":9},"end":{"line":27,"column":18}}],"line":27},"1":{"loc":{"start":{"line":54,"column":2},"end":{"line":54,"column":21}},"type":"default-arg","locations":[{"start":{"line":54,"column":13},"end":{"line":54,"column":21}}],"line":54},"2":{"loc":{"start":{"line":63,"column":10},"end":{"line":64,"column":141}},"type":"binary-expr","locations":[{"start":{"line":63,"column":10},"end":{"line":63,"column":31}},{"start":{"line":64,"column":12},"end":{"line":64,"column":141}}],"line":63},"3":{"loc":{"start":{"line":74,"column":12},"end":{"line":75,"column":115}},"type":"binary-expr","locations":[{"start":{"line":74,"column":12},"end":{"line":74,"column":33}},{"start":{"line":75,"column":14},"end":{"line":75,"column":115}}],"line":74}},"s":{"0":0,"1":0,"2":0,"3":0,"4":0,"5":0,"6":0,"7":0,"8":0,"9":0},"f":{"0":0,"1":0,"2":0,"3":0,"4":0,"5":0,"6":0,"7":0,"8":0,"9":0},"b":{"0":[0],"1":[0],"2":[0,0],"3":[0,0]}}
,"/home/null/prj2/mortgage/src/components/ui/table.tsx": {"path":"/home/null/prj2/mortgage/src/components/ui/table.tsx","statementMap":{"0":{"start":{"line":6,"column":2},"end":{"line":17,"column":3}},"1":{"start":{"line":21,"column":2},"end":{"line":27,"column":3}},"2":{"start":{"line":31,"column":2},"end":{"line":37,"column":3}},"3":{"start":{"line":41,"column":2},"end":{"line":50,"column":3}},"4":{"start":{"line":54,"column":2},"end":{"line":63,"column":3}},"5":{"start":{"line":67,"column":2},"end":{"line":76,"column":3}},"6":{"start":{"line":80,"column":2},"end":{"line":89,"column":3}},"7":{"start":{"line":96,"column":2},"end":{"line":102,"column":3}}},"fnMap":{"0":{"name":"Table","decl":{"start":{"line":5,"column":9},"end":{"line":5,"column":14}},"loc":{"start":{"line":5,"column":71},"end":{"line":18,"column":1}},"line":5},"1":{"name":"TableHeader","decl":{"start":{"line":20,"column":9},"end":{"line":20,"column":20}},"loc":{"start":{"line":20,"column":77},"end":{"line":28,"column":1}},"line":20},"2":{"name":"TableBody","decl":{"start":{"line":30,"column":9},"end":{"line":30,"column":18}},"loc":{"start":{"line":30,"column":75},"end":{"line":38,"column":1}},"line":30},"3":{"name":"TableFooter","decl":{"start":{"line":40,"column":9},"end":{"line":40,"column":20}},"loc":{"start":{"line":40,"column":77},"end":{"line":51,"column":1}},"line":40},"4":{"name":"TableRow","decl":{"start":{"line":53,"column":9},"end":{"line":53,"column":17}},"loc":{"start":{"line":53,"column":71},"end":{"line":64,"column":1}},"line":53},"5":{"name":"TableHead","decl":{"start":{"line":66,"column":9},"end":{"line":66,"column":18}},"loc":{"start":{"line":66,"column":72},"end":{"line":77,"column":1}},"line":66},"6":{"name":"TableCell","decl":{"start":{"line":79,"column":9},"end":{"line":79,"column":18}},"loc":{"start":{"line":79,"column":72},"end":{"line":90,"column":1}},"line":79},"7":{"name":"TableCaption","decl":{"start":{"line":92,"column":9},"end":{"line":92,"column":21}},"loc":{"start":{"line":95,"column":36},"end":{"line":103,"column":1}},"line":95}},"branchMap":{},"s":{"0":0,"1":0,"2":0,"3":0,"4":0,"5":0,"6":0,"7":0},"f":{"0":0,"1":0,"2":0,"3":0,"4":0,"5":0,"6":0,"7":0},"b":{}}
,"/home/null/prj2/mortgage/src/constants/approvalThresholds.ts": {"path":"/home/null/prj2/mortgage/src/constants/approvalThresholds.ts","statementMap":{"0":{"start":{"line":1,"column":33},"end":{"line":1,"column":36}},"1":{"start":{"line":2,"column":32},"end":{"line":2,"column":36}},"2":{"start":{"line":3,"column":32},"end":{"line":3,"column":35}},"3":{"start":{"line":5,"column":33},"end":{"line":5,"column":36}},"4":{"start":{"line":6,"column":32},"end":{"line":6,"column":35}},"5":{"start":{"line":7,"column":32},"end":{"line":7,"column":36}}},"fnMap":{},"branchMap":{},"s":{"0":1,"1":1,"2":1,"3":1,"4":1,"5":1},"f":{},"b":{},"_coverageSchema":"1a1c01bbd47fc00a2c39e90264f33305004495a9","hash":"311ca357f54e6b50a65405cf3954b4b1c88059e7"}
,"/home/null/prj2/mortgage/src/lib/CsvProcessor.ts": {"path":"/home/null/prj2/mortgage/src/lib/CsvProcessor.ts","statementMap":{"0":{"start":{"line":2,"column":16},"end":{"line":2,"column":38}},"1":{"start":{"line":3,"column":2},"end":{"line":3,"column":34}},"2":{"start":{"line":3,"column":24},"end":{"line":3,"column":34}},"3":{"start":{"line":5,"column":18},"end":{"line":5,"column":70}},"4":{"start":{"line":5,"column":47},"end":{"line":5,"column":69}},"5":{"start":{"line":7,"column":2},"end":{"line":16,"column":5}},"6":{"start":{"line":8,"column":19},"end":{"line":8,"column":53}},"7":{"start":{"line":8,"column":44},"end":{"line":8,"column":52}},"8":{"start":{"line":9,"column":43},"end":{"line":9,"column":45}},"9":{"start":{"line":11,"column":4},"end":{"line":13,"column":7}},"10":{"start":{"line":12,"column":6},"end":{"line":12,"column":41}},"11":{"start":{"line":15,"column":4},"end":{"line":15,"column":18}},"12":{"start":{"line":21,"column":19},"end":{"line":21,"column":71}},"13":{"start":{"line":23,"column":2},"end":{"line":23,"column":54}},"14":{"start":{"line":25,"column":2},"end":{"line":33,"column":14}},"15":{"start":{"line":29,"column":6},"end":{"line":31,"column":68}},"16":{"start":{"line":34,"column":2},"end":{"line":34,"column":20}}},"fnMap":{"0":{"name":"csvToObjects","decl":{"start":{"line":1,"column":16},"end":{"line":1,"column":28}},"loc":{"start":{"line":1,"column":68},"end":{"line":17,"column":1}},"line":1},"1":{"name":"(anonymous_1)","decl":{"start":{"line":5,"column":42},"end":{"line":5,"column":43}},"loc":{"start":{"line":5,"column":47},"end":{"line":5,"column":69}},"line":5},"2":{"name":"(anonymous_2)","decl":{"start":{"line":7,"column":28},"end":{"line":7,"column":29}},"loc":{"start":{"line":7,"column":36},"end":{"line":16,"column":3}},"line":7},"3":{"name":"(anonymous_3)","decl":{"start":{"line":8,"column":39},"end":{"line":8,"column":40}},"loc":{"start":{"line":8,"column":44},"end":{"line":8,"column":52}},"line":8},"4":{"name":"(anonymous_4)","decl":{"start":{"line":11,"column":20},"end":{"line":11,"column":21}},"loc":{"start":{"line":11,"column":37},"end":{"line":13,"column":5}},"line":11},"5":{"name":"normalizeKey","decl":{"start":{"line":19,"column":9},"end":{"line":19,"column":21}},"loc":{"start":{"line":19,"column":43},"end":{"line":35,"column":1}},"line":19},"6":{"name":"(anonymous_6)","decl":{"start":{"line":28,"column":9},"end":{"line":28,"column":10}},"loc":{"start":{"line":29,"column":6},"end":{"line":31,"column":68}},"line":29}},"branchMap":{"0":{"loc":{"start":{"line":3,"column":2},"end":{"line":3,"column":34}},"type":"if","locations":[{"start":{"line":3,"column":2},"end":{"line":3,"column":34}},{"start":{},"end":{}}],"line":3},"1":{"loc":{"start":{"line":12,"column":23},"end":{"line":12,"column":40}},"type":"binary-expr","locations":[{"start":{"line":12,"column":23},"end":{"line":12,"column":34}},{"start":{"line":12,"column":38},"end":{"line":12,"column":40}}],"line":12},"2":{"loc":{"start":{"line":29,"column":6},"end":{"line":31,"column":68}},"type":"cond-expr","locations":[{"start":{"line":30,"column":10},"end":{"line":30,"column":28}},{"start":{"line":31,"column":10},"end":{"line":31,"column":68}}],"line":29}},"s":{"0":0,"1":0,"2":0,"3":0,"4":0,"5":0,"6":0,"7":0,"8":0,"9":0,"10":0,"11":0,"12":0,"13":0,"14":0,"15":0,"16":0},"f":{"0":0,"1":0,"2":0,"3":0,"4":0,"5":0,"6":0},"b":{"0":[0,0],"1":[0,0],"2":[0,0]}}
,"/home/null/prj2/mortgage/src/lib/bulkProcessor.ts": {"path":"/home/null/prj2/mortgage/src/lib/bulkProcessor.ts","statementMap":{"0":{"start":{"line":5,"column":20},"end":{"line":5,"column":37}},"1":{"start":{"line":8,"column":2},"end":{"line":8,"column":21}},"2":{"start":{"line":9,"column":2},"end":{"line":9,"column":71}},"3":{"start":{"line":9,"column":45},"end":{"line":9,"column":69}},"4":{"start":{"line":23,"column":2},"end":{"line":49,"column":3}},"5":{"start":{"line":32,"column":44},"end":{"line":41,"column":5}},"6":{"start":{"line":43,"column":21},"end":{"line":43,"column":51}},"7":{"start":{"line":44,"column":4},"end":{"line":44,"column":51}},"8":{"start":{"line":48,"column":4},"end":{"line":48,"column":66}}},"fnMap":{"0":{"name":"bulkProcessor","decl":{"start":{"line":7,"column":22},"end":{"line":7,"column":35}},"loc":{"start":{"line":7,"column":64},"end":{"line":10,"column":1}},"line":7},"1":{"name":"(anonymous_1)","decl":{"start":{"line":9,"column":29},"end":{"line":9,"column":30}},"loc":{"start":{"line":9,"column":45},"end":{"line":9,"column":69}},"line":9},"2":{"name":"validateAndProcess","decl":{"start":{"line":22,"column":15},"end":{"line":22,"column":33}},"loc":{"start":{"line":22,"column":69},"end":{"line":50,"column":1}},"line":22}},"branchMap":{"0":{"loc":{"start":{"line":23,"column":2},"end":{"line":49,"column":3}},"type":"if","locations":[{"start":{"line":23,"column":2},"end":{"line":49,"column":3}},{"start":{"line":47,"column":7},"end":{"line":49,"column":3}}],"line":23},"1":{"loc":{"start":{"line":24,"column":4},"end":{"line":30,"column":34}},"type":"binary-expr","locations":[{"start":{"line":24,"column":4},"end":{"line":24,"column":22}},{"start":{"line":25,"column":4},"end":{"line":25,"column":22}},{"start":{"line":26,"column":4},"end":{"line":26,"column":25}},{"start":{"line":27,"column":4},"end":{"line":27,"column":31}},{"start":{"line":28,"column":4},"end":{"line":28,"column":34}},{"start":{"line":29,"column":4},"end":{"line":29,"column":34}},{"start":{"line":30,"column":4},"end":{"line":30,"column":34}}],"line":24}},"s":{"0":0,"1":0,"2":0,"3":0,"4":0,"5":0,"6":0,"7":0,"8":0},"f":{"0":0,"1":0,"2":0},"b":{"0":[0,0],"1":[0,0,0,0,0,0,0]}}
,"/home/null/prj2/mortgage/src/lib/singleProcessor.ts": {"path":"/home/null/prj2/mortgage/src/lib/singleProcessor.ts","statementMap":{"0":{"start":{"line":3,"column":20},"end":{"line":3,"column":37}},"1":{"start":{"line":6,"column":2},"end":{"line":6,"column":32}},"2":{"start":{"line":24,"column":2},"end":{"line":56,"column":3}},"3":{"start":{"line":37,"column":26},"end":{"line":49,"column":5}},"4":{"start":{"line":51,"column":4},"end":{"line":51,"column":35}},"5":{"start":{"line":55,"column":4},"end":{"line":55,"column":66}}},"fnMap":{"0":{"name":"singleProcessor","decl":{"start":{"line":5,"column":22},"end":{"line":5,"column":37}},"loc":{"start":{"line":5,"column":64},"end":{"line":7,"column":1}},"line":5},"1":{"name":"validateAndProcess","decl":{"start":{"line":23,"column":15},"end":{"line":23,"column":33}},"loc":{"start":{"line":23,"column":71},"end":{"line":57,"column":1}},"line":23}},"branchMap":{"0":{"loc":{"start":{"line":24,"column":2},"end":{"line":56,"column":3}},"type":"if","locations":[{"start":{"line":24,"column":2},"end":{"line":56,"column":3}},{"start":{"line":54,"column":7},"end":{"line":56,"column":3}}],"line":24},"1":{"loc":{"start":{"line":25,"column":4},"end":{"line":35,"column":22}},"type":"binary-expr","locations":[{"start":{"line":25,"column":4},"end":{"line":25,"column":17}},{"start":{"line":26,"column":4},"end":{"line":26,"column":16}},{"start":{"line":27,"column":4},"end":{"line":27,"column":20}},{"start":{"line":28,"column":4},"end":{"line":28,"column":20}},{"start":{"line":29,"column":4},"end":{"line":29,"column":13}},{"start":{"line":30,"column":4},"end":{"line":30,"column":34}},{"start":{"line":31,"column":4},"end":{"line":31,"column":29}},{"start":{"line":32,"column":4},"end":{"line":32,"column":31}},{"start":{"line":33,"column":4},"end":{"line":33,"column":34}},{"start":{"line":34,"column":4},"end":{"line":34,"column":25}},{"start":{"line":35,"column":4},"end":{"line":35,"column":22}}],"line":25}},"s":{"0":0,"1":0,"2":0,"3":0,"4":0,"5":0},"f":{"0":0,"1":0},"b":{"0":[0,0],"1":[0,0,0,0,0,0,0,0,0,0,0]}}
,"/home/null/prj2/mortgage/src/lib/utils.ts": {"path":"/home/null/prj2/mortgage/src/lib/utils.ts","statementMap":{"0":{"start":{"line":5,"column":2},"end":{"line":5,"column":30}}},"fnMap":{"0":{"name":"cn","decl":{"start":{"line":4,"column":16},"end":{"line":4,"column":18}},"loc":{"start":{"line":4,"column":44},"end":{"line":6,"column":1}},"line":4}},"branchMap":{},"s":{"0":0},"f":{"0":0},"b":{}}
,"/home/null/prj2/mortgage/src/pages/AllResultsTable.tsx": {"path":"/home/null/prj2/mortgage/src/pages/AllResultsTable.tsx","statementMap":{"0":{"start":{"line":12,"column":20},"end":{"line":12,"column":37}},"1":{"start":{"line":16,"column":32},"end":{"line":16,"column":51}},"2":{"start":{"line":18,"column":2},"end":{"line":24,"column":8}},"3":{"start":{"line":20,"column":19},"end":{"line":20,"column":45}},"4":{"start":{"line":21,"column":6},"end":{"line":21,"column":22}},"5":{"start":{"line":23,"column":4},"end":{"line":23,"column":15}},"6":{"start":{"line":26,"column":2},"end":{"line":54,"column":3}},"7":{"start":{"line":44,"column":12},"end":{"line":48,"column":23}}},"fnMap":{"0":{"name":"AllResultsTable","decl":{"start":{"line":15,"column":24},"end":{"line":15,"column":39}},"loc":{"start":{"line":15,"column":42},"end":{"line":55,"column":1}},"line":15},"1":{"name":"(anonymous_1)","decl":{"start":{"line":18,"column":12},"end":{"line":18,"column":13}},"loc":{"start":{"line":18,"column":18},"end":{"line":24,"column":3}},"line":18},"2":{"name":"fetchData","decl":{"start":{"line":19,"column":19},"end":{"line":19,"column":28}},"loc":{"start":{"line":19,"column":31},"end":{"line":22,"column":5}},"line":19},"3":{"name":"(anonymous_3)","decl":{"start":{"line":43,"column":22},"end":{"line":43,"column":23}},"loc":{"start":{"line":44,"column":12},"end":{"line":48,"column":23}},"line":44}},"branchMap":{"0":{"loc":{"start":{"line":38,"column":9},"end":{"line":50,"column":9}},"type":"cond-expr","locations":[{"start":{"line":39,"column":10},"end":{"line":41,"column":21}},{"start":{"line":43,"column":10},"end":{"line":49,"column":12}}],"line":38}},"s":{"0":0,"1":0,"2":0,"3":0,"4":0,"5":0,"6":0,"7":0},"f":{"0":0,"1":0,"2":0,"3":0},"b":{"0":[0,0]}}
,"/home/null/prj2/mortgage/src/pages/Calculator.tsx": {"path":"/home/null/prj2/mortgage/src/pages/Calculator.tsx","statementMap":{"0":{"start":{"line":26,"column":19},"end":{"line":49,"column":2}},"1":{"start":{"line":52,"column":19},"end":{"line":52,"column":32}},"2":{"start":{"line":54,"column":15},"end":{"line":67,"column":4}},"3":{"start":{"line":70,"column":4},"end":{"line":70,"column":43}},"4":{"start":{"line":73,"column":2},"end":{"line":208,"column":3}},"5":{"start":{"line":90,"column":22},"end":{"line":96,"column":33}},"6":{"start":{"line":103,"column":22},"end":{"line":109,"column":33}},"7":{"start":{"line":106,"column":73},"end":{"line":106,"column":111}},"8":{"start":{"line":116,"column":22},"end":{"line":122,"column":33}},"9":{"start":{"line":119,"column":73},"end":{"line":119,"column":111}},"10":{"start":{"line":129,"column":22},"end":{"line":135,"column":33}},"11":{"start":{"line":132,"column":74},"end":{"line":132,"column":112}},"12":{"start":{"line":142,"column":22},"end":{"line":148,"column":33}},"13":{"start":{"line":145,"column":74},"end":{"line":145,"column":112}},"14":{"start":{"line":155,"column":22},"end":{"line":161,"column":33}},"15":{"start":{"line":158,"column":74},"end":{"line":158,"column":112}},"16":{"start":{"line":168,"column":22},"end":{"line":183,"column":33}},"17":{"start":{"line":190,"column":22},"end":{"line":196,"column":33}}},"fnMap":{"0":{"name":"Calculator","decl":{"start":{"line":51,"column":24},"end":{"line":51,"column":34}},"loc":{"start":{"line":51,"column":37},"end":{"line":209,"column":1}},"line":51},"1":{"name":"onSubmit","decl":{"start":{"line":69,"column":11},"end":{"line":69,"column":19}},"loc":{"start":{"line":69,"column":56},"end":{"line":71,"column":3}},"line":69},"2":{"name":"(anonymous_2)","decl":{"start":{"line":89,"column":28},"end":{"line":89,"column":29}},"loc":{"start":{"line":90,"column":22},"end":{"line":96,"column":33}},"line":90},"3":{"name":"(anonymous_3)","decl":{"start":{"line":102,"column":28},"end":{"line":102,"column":29}},"loc":{"start":{"line":103,"column":22},"end":{"line":109,"column":33}},"line":103},"4":{"name":"(anonymous_4)","decl":{"start":{"line":106,"column":68},"end":{"line":106,"column":69}},"loc":{"start":{"line":106,"column":73},"end":{"line":106,"column":111}},"line":106},"5":{"name":"(anonymous_5)","decl":{"start":{"line":115,"column":28},"end":{"line":115,"column":29}},"loc":{"start":{"line":116,"column":22},"end":{"line":122,"column":33}},"line":116},"6":{"name":"(anonymous_6)","decl":{"start":{"line":119,"column":68},"end":{"line":119,"column":69}},"loc":{"start":{"line":119,"column":73},"end":{"line":119,"column":111}},"line":119},"7":{"name":"(anonymous_7)","decl":{"start":{"line":128,"column":28},"end":{"line":128,"column":29}},"loc":{"start":{"line":129,"column":22},"end":{"line":135,"column":33}},"line":129},"8":{"name":"(anonymous_8)","decl":{"start":{"line":132,"column":69},"end":{"line":132,"column":70}},"loc":{"start":{"line":132,"column":74},"end":{"line":132,"column":112}},"line":132},"9":{"name":"(anonymous_9)","decl":{"start":{"line":141,"column":28},"end":{"line":141,"column":29}},"loc":{"start":{"line":142,"column":22},"end":{"line":148,"column":33}},"line":142},"10":{"name":"(anonymous_10)","decl":{"start":{"line":145,"column":69},"end":{"line":145,"column":70}},"loc":{"start":{"line":145,"column":74},"end":{"line":145,"column":112}},"line":145},"11":{"name":"(anonymous_11)","decl":{"start":{"line":154,"column":28},"end":{"line":154,"column":29}},"loc":{"start":{"line":155,"column":22},"end":{"line":161,"column":33}},"line":155},"12":{"name":"(anonymous_12)","decl":{"start":{"line":158,"column":69},"end":{"line":158,"column":70}},"loc":{"start":{"line":158,"column":74},"end":{"line":158,"column":112}},"line":158},"13":{"name":"(anonymous_13)","decl":{"start":{"line":167,"column":28},"end":{"line":167,"column":29}},"loc":{"start":{"line":168,"column":22},"end":{"line":183,"column":33}},"line":168},"14":{"name":"(anonymous_14)","decl":{"start":{"line":189,"column":28},"end":{"line":189,"column":29}},"loc":{"start":{"line":190,"column":22},"end":{"line":196,"column":33}},"line":190}},"branchMap":{},"s":{"0":0,"1":0,"2":0,"3":0,"4":0,"5":0,"6":0,"7":0,"8":0,"9":0,"10":0,"11":0,"12":0,"13":0,"14":0,"15":0,"16":0,"17":0},"f":{"0":0,"1":0,"2":0,"3":0,"4":0,"5":0,"6":0,"7":0,"8":0,"9":0,"10":0,"11":0,"12":0,"13":0,"14":0},"b":{}}
,"/home/null/prj2/mortgage/src/pages/Home.tsx": {"path":"/home/null/prj2/mortgage/src/pages/Home.tsx","statementMap":{"0":{"start":{"line":10,"column":19},"end":{"line":10,"column":49}},"1":{"start":{"line":12,"column":27},"end":{"line":19,"column":3}},"2":{"start":{"line":13,"column":17},"end":{"line":13,"column":36}},"3":{"start":{"line":14,"column":4},"end":{"line":14,"column":21}},"4":{"start":{"line":14,"column":15},"end":{"line":14,"column":21}},"5":{"start":{"line":16,"column":17},"end":{"line":16,"column":34}},"6":{"start":{"line":17,"column":17},"end":{"line":17,"column":35}},"7":{"start":{"line":18,"column":4},"end":{"line":18,"column":60}},"8":{"start":{"line":18,"column":41},"end":{"line":18,"column":59}},"9":{"start":{"line":21,"column":17},"end":{"line":21,"column":30}},"10":{"start":{"line":23,"column":2},"end":{"line":83,"column":3}},"11":{"start":{"line":39,"column":29},"end":{"line":39,"column":52}},"12":{"start":{"line":74,"column":29},"end":{"line":74,"column":47}}},"fnMap":{"0":{"name":"Home","decl":{"start":{"line":9,"column":24},"end":{"line":9,"column":28}},"loc":{"start":{"line":9,"column":31},"end":{"line":84,"column":1}},"line":9},"1":{"name":"(anonymous_1)","decl":{"start":{"line":12,"column":27},"end":{"line":12,"column":28}},"loc":{"start":{"line":12,"column":77},"end":{"line":19,"column":3}},"line":12},"2":{"name":"(anonymous_2)","decl":{"start":{"line":18,"column":35},"end":{"line":18,"column":36}},"loc":{"start":{"line":18,"column":41},"end":{"line":18,"column":59}},"line":18},"3":{"name":"(anonymous_3)","decl":{"start":{"line":39,"column":23},"end":{"line":39,"column":24}},"loc":{"start":{"line":39,"column":29},"end":{"line":39,"column":52}},"line":39},"4":{"name":"(anonymous_4)","decl":{"start":{"line":74,"column":23},"end":{"line":74,"column":24}},"loc":{"start":{"line":74,"column":29},"end":{"line":74,"column":47}},"line":74}},"branchMap":{"0":{"loc":{"start":{"line":14,"column":4},"end":{"line":14,"column":21}},"type":"if","locations":[{"start":{"line":14,"column":4},"end":{"line":14,"column":21}},{"start":{},"end":{}}],"line":14}},"s":{"0":0,"1":0,"2":0,"3":0,"4":0,"5":0,"6":0,"7":0,"8":0,"9":0,"10":0,"11":0,"12":0},"f":{"0":0,"1":0,"2":0,"3":0,"4":0},"b":{"0":[0,0]}}
,"/home/null/prj2/mortgage/src/pages/Results.tsx": {"path":"/home/null/prj2/mortgage/src/pages/Results.tsx","statementMap":{"0":{"start":{"line":21,"column":19},"end":{"line":21,"column":32}},"1":{"start":{"line":22,"column":16},"end":{"line":22,"column":62}},"2":{"start":{"line":23,"column":17},"end":{"line":23,"column":30}},"3":{"start":{"line":26,"column":18},"end":{"line":26,"column":44}},"4":{"start":{"line":28,"column":35},"end":{"line":28,"column":37}},"5":{"start":{"line":29,"column":2},"end":{"line":32,"column":4}},"6":{"start":{"line":30,"column":19},"end":{"line":30,"column":59}},"7":{"start":{"line":31,"column":4},"end":{"line":31,"column":60}},"8":{"start":{"line":31,"column":25},"end":{"line":31,"column":60}},"9":{"start":{"line":34,"column":2},"end":{"line":37,"column":3}},"10":{"start":{"line":35,"column":17},"end":{"line":35,"column":41}},"11":{"start":{"line":36,"column":4},"end":{"line":36,"column":25}},"12":{"start":{"line":39,"column":2},"end":{"line":79,"column":3}},"13":{"start":{"line":55,"column":16},"end":{"line":55,"column":46}},"14":{"start":{"line":63,"column":31},"end":{"line":63,"column":54}},"15":{"start":{"line":69,"column":31},"end":{"line":69,"column":44}}},"fnMap":{"0":{"name":"Results","decl":{"start":{"line":20,"column":24},"end":{"line":20,"column":31}},"loc":{"start":{"line":20,"column":34},"end":{"line":80,"column":1}},"line":20},"1":{"name":"(anonymous_1)","decl":{"start":{"line":29,"column":26},"end":{"line":29,"column":27}},"loc":{"start":{"line":29,"column":50},"end":{"line":32,"column":3}},"line":29},"2":{"name":"(anonymous_2)","decl":{"start":{"line":54,"column":34},"end":{"line":54,"column":35}},"loc":{"start":{"line":55,"column":16},"end":{"line":55,"column":46}},"line":55},"3":{"name":"(anonymous_3)","decl":{"start":{"line":63,"column":25},"end":{"line":63,"column":26}},"loc":{"start":{"line":63,"column":31},"end":{"line":63,"column":54}},"line":63},"4":{"name":"(anonymous_4)","decl":{"start":{"line":69,"column":25},"end":{"line":69,"column":26}},"loc":{"start":{"line":69,"column":31},"end":{"line":69,"column":44}},"line":69}},"branchMap":{"0":{"loc":{"start":{"line":22,"column":16},"end":{"line":22,"column":62}},"type":"binary-expr","locations":[{"start":{"line":22,"column":17},"end":{"line":22,"column":55}},{"start":{"line":22,"column":60},"end":{"line":22,"column":62}}],"line":22},"1":{"loc":{"start":{"line":31,"column":4},"end":{"line":31,"column":60}},"type":"if","locations":[{"start":{"line":31,"column":4},"end":{"line":31,"column":60}},{"start":{},"end":{}}],"line":31},"2":{"loc":{"start":{"line":34,"column":2},"end":{"line":37,"column":3}},"type":"if","locations":[{"start":{"line":34,"column":2},"end":{"line":37,"column":3}},{"start":{},"end":{}}],"line":34}},"s":{"0":0,"1":0,"2":0,"3":0,"4":0,"5":0,"6":0,"7":0,"8":0,"9":0,"10":0,"11":0,"12":0,"13":0,"14":0,"15":0},"f":{"0":0,"1":0,"2":0,"3":0,"4":0},"b":{"0":[0,0],"1":[0,0],"2":[0,0]}}
,"/home/null/prj2/mortgage/src/routers/routes.tsx": {"path":"/home/null/prj2/mortgage/src/routers/routes.tsx","statementMap":{"0":{"start":{"line":8,"column":2},"end":{"line":18,"column":3}}},"fnMap":{"0":{"name":"RoutesList","decl":{"start":{"line":7,"column":16},"end":{"line":7,"column":26}},"loc":{"start":{"line":7,"column":29},"end":{"line":19,"column":1}},"line":7}},"branchMap":{},"s":{"0":0},"f":{"0":0},"b":{}}
,"/home/null/prj2/mortgage/src/rules/approvalRules.ts": {"path":"/home/null/prj2/mortgage/src/rules/approvalRules.ts","statementMap":{"0":{"start":{"line":26,"column":14},"end":{"line":26,"column":75}},"1":{"start":{"line":27,"column":14},"end":{"line":27,"column":72}},"2":{"start":{"line":28,"column":19},"end":{"line":28,"column":53}},"3":{"start":{"line":29,"column":18},"end":{"line":29,"column":75}},"4":{"start":{"line":30,"column":2},"end":{"line":30,"column":40}},"5":{"start":{"line":34,"column":2},"end":{"line":38,"column":21}},"6":{"start":{"line":38,"column":4},"end":{"line":38,"column":21}},"7":{"start":{"line":40,"column":2},"end":{"line":44,"column":21}},"8":{"start":{"line":44,"column":4},"end":{"line":44,"column":21}},"9":{"start":{"line":46,"column":2},"end":{"line":46,"column":19}}},"fnMap":{"0":{"name":"getApprovalDecision","decl":{"start":{"line":25,"column":16},"end":{"line":25,"column":35}},"loc":{"start":{"line":25,"column":78},"end":{"line":31,"column":1}},"line":25},"1":{"name":"decisionMaker","decl":{"start":{"line":33,"column":9},"end":{"line":33,"column":22}},"loc":{"start":{"line":33,"column":93},"end":{"line":47,"column":1}},"line":33}},"branchMap":{"0":{"loc":{"start":{"line":34,"column":2},"end":{"line":38,"column":21}},"type":"if","locations":[{"start":{"line":34,"column":2},"end":{"line":38,"column":21}},{"start":{},"end":{}}],"line":34},"1":{"loc":{"start":{"line":35,"column":4},"end":{"line":37,"column":27}},"type":"binary-expr","locations":[{"start":{"line":35,"column":4},"end":{"line":35,"column":39}},{"start":{"line":36,"column":4},"end":{"line":36,"column":26}},{"start":{"line":37,"column":4},"end":{"line":37,"column":27}}],"line":35},"2":{"loc":{"start":{"line":40,"column":2},"end":{"line":44,"column":21}},"type":"if","locations":[{"start":{"line":40,"column":2},"end":{"line":44,"column":21}},{"start":{},"end":{}}],"line":40},"3":{"loc":{"start":{"line":41,"column":4},"end":{"line":43,"column":27}},"type":"binary-expr","locations":[{"start":{"line":41,"column":4},"end":{"line":41,"column":39}},{"start":{"line":42,"column":4},"end":{"line":42,"column":26}},{"start":{"line":43,"column":4},"end":{"line":43,"column":27}}],"line":41}},"s":{"0":3,"1":3,"2":3,"3":3,"4":3,"5":3,"6":1,"7":2,"8":1,"9":1},"f":{"0":3,"1":3},"b":{"0":[1,2],"1":[3,2,2],"2":[1,1],"3":[2,1,1]},"_coverageSchema":"1a1c01bbd47fc00a2c39e90264f33305004495a9","hash":"737e41f80e7321df3673c783951dc6fd0e7b11e7"}
,"/home/null/prj2/mortgage/src/rules/ratios.ts": {"path":"/home/null/prj2/mortgage/src/rules/ratios.ts","statementMap":{"0":{"start":{"line":2,"column":2},"end":{"line":2,"column":38}},"1":{"start":{"line":6,"column":2},"end":{"line":6,"column":36}}},"fnMap":{"0":{"name":"debtToIncome","decl":{"start":{"line":1,"column":16},"end":{"line":1,"column":28}},"loc":{"start":{"line":1,"column":82},"end":{"line":3,"column":1}},"line":1},"1":{"name":"loanToValue","decl":{"start":{"line":5,"column":16},"end":{"line":5,"column":27}},"loc":{"start":{"line":5,"column":79},"end":{"line":7,"column":1}},"line":5}},"branchMap":{},"s":{"0":4,"1":4},"f":{"0":4,"1":4},"b":{},"_coverageSchema":"1a1c01bbd47fc00a2c39e90264f33305004495a9","hash":"32effbc32f45121612144326f073c96ab6b1b308"}
,"/home/null/prj2/mortgage/src/rules/reasonsList.ts": {"path":"/home/null/prj2/mortgage/src/rules/reasonsList.ts","statementMap":{"0":{"start":{"line":8,"column":63},"end":{"line":28,"column":1}},"1":{"start":{"line":31,"column":2},"end":{"line":31,"column":68}},"2":{"start":{"line":31,"column":47},"end":{"line":31,"column":67}}},"fnMap":{"0":{"name":"findReason","decl":{"start":{"line":30,"column":16},"end":{"line":30,"column":26}},"loc":{"start":{"line":30,"column":89},"end":{"line":32,"column":1}},"line":30},"1":{"name":"(anonymous_1)","decl":{"start":{"line":31,"column":37},"end":{"line":31,"column":38}},"loc":{"start":{"line":31,"column":47},"end":{"line":31,"column":67}},"line":31}},"branchMap":{},"s":{"0":0,"1":0,"2":0},"f":{"0":0,"1":0},"b":{}}
,"/home/null/prj2/mortgage/src/rules/reasonsPicker.ts": {"path":"/home/null/prj2/mortgage/src/rules/reasonsPicker.ts","statementMap":{"0":{"start":{"line":5,"column":18},"end":{"line":5,"column":20}},"1":{"start":{"line":7,"column":2},"end":{"line":11,"column":3}},"2":{"start":{"line":8,"column":4},"end":{"line":8,"column":62}},"3":{"start":{"line":8,"column":35},"end":{"line":8,"column":62}},"4":{"start":{"line":9,"column":4},"end":{"line":9,"column":62}},"5":{"start":{"line":9,"column":32},"end":{"line":9,"column":62}},"6":{"start":{"line":10,"column":4},"end":{"line":10,"column":63}},"7":{"start":{"line":10,"column":33},"end":{"line":10,"column":63}},"8":{"start":{"line":13,"column":2},"end":{"line":19,"column":3}},"9":{"start":{"line":14,"column":4},"end":{"line":14,"column":103}},"10":{"start":{"line":14,"column":63},"end":{"line":14,"column":103}},"11":{"start":{"line":15,"column":4},"end":{"line":15,"column":98}},"12":{"start":{"line":15,"column":59},"end":{"line":15,"column":98}},"13":{"start":{"line":16,"column":4},"end":{"line":16,"column":98}},"14":{"start":{"line":16,"column":59},"end":{"line":16,"column":98}},"15":{"start":{"line":17,"column":4},"end":{"line":17,"column":33}},"16":{"start":{"line":18,"column":4},"end":{"line":18,"column":42}},"17":{"start":{"line":21,"column":2},"end":{"line":25,"column":3}},"18":{"start":{"line":22,"column":4},"end":{"line":22,"column":61}},"19":{"start":{"line":22,"column":34},"end":{"line":22,"column":61}},"20":{"start":{"line":23,"column":4},"end":{"line":23,"column":60}},"21":{"start":{"line":23,"column":32},"end":{"line":23,"column":60}},"22":{"start":{"line":24,"column":4},"end":{"line":24,"column":60}},"23":{"start":{"line":24,"column":32},"end":{"line":24,"column":60}},"24":{"start":{"line":27,"column":2},"end":{"line":27,"column":16}}},"fnMap":{"0":{"name":"getReasonsForDecision","decl":{"start":{"line":4,"column":16},"end":{"line":4,"column":37}},"loc":{"start":{"line":4,"column":121},"end":{"line":28,"column":1}},"line":4}},"branchMap":{"0":{"loc":{"start":{"line":7,"column":2},"end":{"line":11,"column":3}},"type":"if","locations":[{"start":{"line":7,"column":2},"end":{"line":11,"column":3}},{"start":{},"end":{}}],"line":7},"1":{"loc":{"start":{"line":8,"column":4},"end":{"line":8,"column":62}},"type":"if","locations":[{"start":{"line":8,"column":4},"end":{"line":8,"column":62}},{"start":{},"end":{}}],"line":8},"2":{"loc":{"start":{"line":9,"column":4},"end":{"line":9,"column":62}},"type":"if","locations":[{"start":{"line":9,"column":4},"end":{"line":9,"column":62}},{"start":{},"end":{}}],"line":9},"3":{"loc":{"start":{"line":10,"column":4},"end":{"line":10,"column":63}},"type":"if","locations":[{"start":{"line":10,"column":4},"end":{"line":10,"column":63}},{"start":{},"end":{}}],"line":10},"4":{"loc":{"start":{"line":13,"column":2},"end":{"line":19,"column":3}},"type":"if","locations":[{"start":{"line":13,"column":2},"end":{"line":19,"column":3}},{"start":{},"end":{}}],"line":13},"5":{"loc":{"start":{"line":14,"column":4},"end":{"line":14,"column":103}},"type":"if","locations":[{"start":{"line":14,"column":4},"end":{"line":14,"column":103}},{"start":{},"end":{}}],"line":14},"6":{"loc":{"start":{"line":14,"column":8},"end":{"line":14,"column":61}},"type":"binary-expr","locations":[{"start":{"line":14,"column":8},"end":{"line":14,"column":32}},{"start":{"line":14,"column":36},"end":{"line":14,"column":61}}],"line":14},"7":{"loc":{"start":{"line":15,"column":4},"end":{"line":15,"column":98}},"type":"if","locations":[{"start":{"line":15,"column":4},"end":{"line":15,"column":98}},{"start":{},"end":{}}],"line":15},"8":{"loc":{"start":{"line":15,"column":8},"end":{"line":15,"column":57}},"type":"binary-expr","locations":[{"start":{"line":15,"column":8},"end":{"line":15,"column":31}},{"start":{"line":15,"column":35},"end":{"line":15,"column":57}}],"line":15},"9":{"loc":{"start":{"line":16,"column":4},"end":{"line":16,"column":98}},"type":"if","locations":[{"start":{"line":16,"column":4},"end":{"line":16,"column":98}},{"start":{},"end":{}}],"line":16},"10":{"loc":{"start":{"line":16,"column":8},"end":{"line":16,"column":57}},"type":"binary-expr","locations":[{"start":{"line":16,"column":8},"end":{"line":16,"column":30}},{"start":{"line":16,"column":34},"end":{"line":16,"column":57}}],"line":16},"11":{"loc":{"start":{"line":21,"column":2},"end":{"line":25,"column":3}},"type":"if","locations":[{"start":{"line":21,"column":2},"end":{"line":25,"column":3}},{"start":{},"end":{}}],"line":21},"12":{"loc":{"start":{"line":22,"column":4},"end":{"line":22,"column":61}},"type":"if","locations":[{"start":{"line":22,"column":4},"end":{"line":22,"column":61}},{"start":{},"end":{}}],"line":22},"13":{"loc":{"start":{"line":23,"column":4},"end":{"line":23,"column":60}},"type":"if","locations":[{"start":{"line":23,"column":4},"end":{"line":23,"column":60}},{"start":{},"end":{}}],"line":23},"14":{"loc":{"start":{"line":24,"column":4},"end":{"line":24,"column":60}},"type":"if","locations":[{"start":{"line":24,"column":4},"end":{"line":24,"column":60}},{"start":{},"end":{}}],"line":24}},"s":{"0":3,"1":3,"2":1,"3":1,"4":1,"5":1,"6":1,"7":1,"8":3,"9":1,"10":0,"11":1,"12":0,"13":1,"14":1,"15":1,"16":1,"17":3,"18":1,"19":1,"20":1,"21":1,"22":1,"23":1,"24":3},"f":{"0":3},"b":{"0":[1,2],"1":[1,0],"2":[1,0],"3":[1,0],"4":[1,2],"5":[0,1],"6":[1,0],"7":[0,1],"8":[1,0],"9":[1,0],"10":[1,1],"11":[1,2],"12":[1,0],"13":[1,0],"14":[1,0]},"_coverageSchema":"1a1c01bbd47fc00a2c39e90264f33305004495a9","hash":"6991ce2776fe4aeef590139bfab57bd731860d96"}
,"/home/null/prj2/mortgage/src/services/dataService.ts": {"path":"/home/null/prj2/mortgage/src/services/dataService.ts","statementMap":{"0":{"start":{"line":28,"column":22},"end":{"line":32,"column":4}},"1":{"start":{"line":30,"column":6},"end":{"line":30,"column":78}},"2":{"start":{"line":35,"column":31},"end":{"line":47,"column":5}},"3":{"start":{"line":48,"column":15},"end":{"line":48,"column":35}},"4":{"start":{"line":49,"column":4},"end":{"line":49,"column":34}},"5":{"start":{"line":50,"column":4},"end":{"line":50,"column":15}},"6":{"start":{"line":54,"column":15},"end":{"line":54,"column":35}},"7":{"start":{"line":55,"column":4},"end":{"line":55,"column":38}},"8":{"start":{"line":59,"column":15},"end":{"line":59,"column":35}},"9":{"start":{"line":60,"column":4},"end":{"line":60,"column":30}}},"fnMap":{"0":{"name":"(anonymous_0)","decl":{"start":{"line":29,"column":4},"end":{"line":29,"column":5}},"loc":{"start":{"line":29,"column":16},"end":{"line":31,"column":5}},"line":29},"1":{"name":"(anonymous_1)","decl":{"start":{"line":34,"column":2},"end":{"line":34,"column":3}},"loc":{"start":{"line":34,"column":47},"end":{"line":51,"column":3}},"line":34},"2":{"name":"(anonymous_2)","decl":{"start":{"line":53,"column":2},"end":{"line":53,"column":3}},"loc":{"start":{"line":53,"column":42},"end":{"line":56,"column":3}},"line":53},"3":{"name":"(anonymous_3)","decl":{"start":{"line":58,"column":2},"end":{"line":58,"column":3}},"loc":{"start":{"line":58,"column":31},"end":{"line":61,"column":3}},"line":58}},"branchMap":{},"s":{"0":0,"1":0,"2":0,"3":0,"4":0,"5":0,"6":0,"7":0,"8":0,"9":0},"f":{"0":0,"1":0,"2":0,"3":0},"b":{}}
}
