TN:
SF:src/App.tsx
FN:6,App
FNF:1
FNH:0
FNDA:0,App
DA:7,0
LF:1
LH:0
BRF:0
BRH:0
end_of_record
TN:
SF:src/main.tsx
FNF:0
FNH:0
DA:6,0
LF:1
LH:0
BRF:0
BRH:0
end_of_record
TN:
SF:src/vite-env.d.ts
FNF:0
FNH:0
LF:0
LH:0
BRF:0
BRH:0
end_of_record
TN:
SF:src/components/theme-provider.tsx
FN:18,(anonymous_0)
FN:23,ThemeProvider
FN:30,(anonymous_2)
FN:33,(anonymous_3)
FN:53,(anonymous_4)
FN:66,(anonymous_5)
FNF:6
FNH:0
FNDA:0,(anonymous_0)
FNDA:0,ThemeProvider
FNDA:0,(anonymous_2)
FNDA:0,(anonymous_3)
FNDA:0,(anonymous_4)
FNDA:0,(anonymous_5)
DA:16,0
DA:18,0
DA:21,0
DA:29,0
DA:30,0
DA:33,0
DA:34,0
DA:36,0
DA:38,0
DA:39,0
DA:44,0
DA:45,0
DA:48,0
DA:51,0
DA:54,0
DA:55,0
DA:59,0
DA:66,0
DA:67,0
DA:69,0
DA:70,0
DA:72,0
LF:22
LH:0
BRDA:25,0,0,0
BRDA:26,1,0,0
BRDA:30,2,0,0
BRDA:30,2,1,0
BRDA:38,3,0,0
BRDA:38,3,1,0
BRDA:39,4,0,0
BRDA:39,4,1,0
BRDA:69,5,0,0
BRDA:69,5,1,0
BRF:10
BRH:0
end_of_record
TN:
SF:src/components/theme-switch.tsx
FN:11,ThemeSwitch
FN:24,(anonymous_1)
FN:27,(anonymous_2)
FN:30,(anonymous_3)
FNF:4
FNH:0
FNDA:0,ThemeSwitch
FNDA:0,(anonymous_1)
FNDA:0,(anonymous_2)
FNDA:0,(anonymous_3)
DA:12,0
DA:14,0
DA:24,0
DA:27,0
DA:30,0
LF:5
LH:0
BRF:0
BRH:0
end_of_record
TN:
SF:src/components/top-bar/index.tsx
FN:3,TopBar
FNF:1
FNH:0
FNDA:0,TopBar
DA:4,0
LF:1
LH:0
BRF:0
BRH:0
end_of_record
TN:
SF:src/components/ui/button.tsx
FN:38,Button
FNF:1
FNH:0
FNDA:0,Button
DA:7,0
DA:48,0
DA:50,0
LF:3
LH:0
BRDA:42,0,0,0
BRDA:48,1,0,0
BRDA:48,1,1,0
BRF:3
BRH:0
end_of_record
TN:
SF:src/components/ui/card.tsx
FN:5,Card
FN:18,CardHeader
FN:31,CardTitle
FN:41,CardDescription
FN:51,CardAction
FN:64,CardContent
FN:74,CardFooter
FNF:7
FNH:0
FNDA:0,Card
FNDA:0,CardHeader
FNDA:0,CardTitle
FNDA:0,CardDescription
FNDA:0,CardAction
FNDA:0,CardContent
FNDA:0,CardFooter
DA:6,0
DA:19,0
DA:32,0
DA:42,0
DA:52,0
DA:65,0
DA:75,0
LF:7
LH:0
BRF:0
BRH:0
end_of_record
TN:
SF:src/components/ui/checkbox.tsx
FN:7,Checkbox
FNF:1
FNH:0
FNDA:0,Checkbox
DA:11,0
LF:1
LH:0
BRF:0
BRH:0
end_of_record
TN:
SF:src/components/ui/dropdown-menu.tsx
FN:7,DropdownMenu
FN:13,DropdownMenuPortal
FN:21,DropdownMenuTrigger
FN:32,DropdownMenuContent
FN:52,DropdownMenuGroup
FN:60,DropdownMenuItem
FN:83,DropdownMenuCheckboxItem
FN:109,DropdownMenuRadioGroup
FN:120,DropdownMenuRadioItem
FN:144,DropdownMenuLabel
FN:164,DropdownMenuSeparator
FN:177,DropdownMenuShortcut
FN:193,DropdownMenuSub
FN:199,DropdownMenuSubTrigger
FN:223,DropdownMenuSubContent
FNF:15
FNH:0
FNDA:0,DropdownMenu
FNDA:0,DropdownMenuPortal
FNDA:0,DropdownMenuTrigger
FNDA:0,DropdownMenuContent
FNDA:0,DropdownMenuGroup
FNDA:0,DropdownMenuItem
FNDA:0,DropdownMenuCheckboxItem
FNDA:0,DropdownMenuRadioGroup
FNDA:0,DropdownMenuRadioItem
FNDA:0,DropdownMenuLabel
FNDA:0,DropdownMenuSeparator
FNDA:0,DropdownMenuShortcut
FNDA:0,DropdownMenuSub
FNDA:0,DropdownMenuSubTrigger
FNDA:0,DropdownMenuSubContent
DA:10,0
DA:16,0
DA:24,0
DA:37,0
DA:55,0
DA:69,0
DA:89,0
DA:112,0
DA:125,0
DA:151,0
DA:168,0
DA:181,0
DA:196,0
DA:207,0
DA:227,0
LF:15
LH:0
BRDA:34,0,0,0
BRDA:63,1,0,0
BRF:2
BRH:0
end_of_record
TN:
SF:src/components/ui/form.tsx
FN:30,(anonymous_0)
FN:43,(anonymous_1)
FN:74,FormItem
FN:88,FormLabel
FN:105,FormControl
FN:123,FormDescription
FN:136,FormMessage
FNF:7
FNH:0
FNDA:0,(anonymous_0)
FNDA:0,(anonymous_1)
FNDA:0,FormItem
FNDA:0,FormLabel
FNDA:0,FormControl
FNDA:0,FormDescription
FNDA:0,FormMessage
DA:17,0
DA:26,0
DA:30,0
DA:36,0
DA:43,0
DA:44,0
DA:45,0
DA:46,0
DA:47,0
DA:48,0
DA:50,0
DA:51,0
DA:54,0
DA:56,0
DA:70,0
DA:75,0
DA:77,0
DA:92,0
DA:94,0
DA:106,0
DA:108,0
DA:124,0
DA:126,0
DA:137,0
DA:138,0
DA:140,0
DA:141,0
DA:144,0
LF:28
LH:0
BRDA:50,0,0,0
BRDA:50,0,1,0
BRDA:113,1,0,0
BRDA:113,1,1,0
BRDA:138,2,0,0
BRDA:138,2,1,0
BRDA:138,3,0,0
BRDA:138,3,1,0
BRDA:140,4,0,0
BRDA:140,4,1,0
BRF:10
BRH:0
end_of_record
TN:
SF:src/components/ui/input.tsx
FN:5,Input
FNF:1
FNH:0
FNDA:0,Input
DA:6,0
LF:1
LH:0
BRF:0
BRH:0
end_of_record
TN:
SF:src/components/ui/label.tsx
FN:6,Label
FNF:1
FNH:0
FNDA:0,Label
DA:10,0
LF:1
LH:0
BRF:0
BRH:0
end_of_record
TN:
SF:src/components/ui/select.tsx
FN:7,Select
FN:13,SelectGroup
FN:19,SelectValue
FN:25,SelectTrigger
FN:51,SelectContent
FN:86,SelectLabel
FN:99,SelectItem
FN:123,SelectSeparator
FN:136,SelectScrollUpButton
FN:154,SelectScrollDownButton
FNF:10
FNH:0
FNDA:0,Select
FNDA:0,SelectGroup
FNDA:0,SelectValue
FNDA:0,SelectTrigger
FNDA:0,SelectContent
FNDA:0,SelectLabel
FNDA:0,SelectItem
FNDA:0,SelectSeparator
FNDA:0,SelectScrollUpButton
FNDA:0,SelectScrollDownButton
DA:10,0
DA:16,0
DA:22,0
DA:33,0
DA:57,0
DA:90,0
DA:104,0
DA:127,0
DA:140,0
DA:158,0
LF:10
LH:0
BRDA:27,0,0,0
BRDA:54,1,0,0
BRDA:63,2,0,0
BRDA:63,2,1,0
BRDA:74,3,0,0
BRDA:74,3,1,0
BRF:6
BRH:0
end_of_record
TN:
SF:src/components/ui/table.tsx
FN:5,Table
FN:20,TableHeader
FN:30,TableBody
FN:40,TableFooter
FN:53,TableRow
FN:66,TableHead
FN:79,TableCell
FN:92,TableCaption
FNF:8
FNH:0
FNDA:0,Table
FNDA:0,TableHeader
FNDA:0,TableBody
FNDA:0,TableFooter
FNDA:0,TableRow
FNDA:0,TableHead
FNDA:0,TableCell
FNDA:0,TableCaption
DA:6,0
DA:21,0
DA:31,0
DA:41,0
DA:54,0
DA:67,0
DA:80,0
DA:96,0
LF:8
LH:0
BRF:0
BRH:0
end_of_record
TN:
SF:src/constants/approvalThresholds.ts
FNF:0
FNH:0
DA:1,1
DA:2,1
DA:3,1
DA:5,1
DA:6,1
DA:7,1
LF:6
LH:6
BRF:0
BRH:0
end_of_record
TN:
SF:src/lib/CsvProcessor.ts
FN:1,csvToObjects
FN:5,(anonymous_1)
FN:7,(anonymous_2)
FN:8,(anonymous_3)
FN:11,(anonymous_4)
FN:19,normalizeKey
FN:28,(anonymous_6)
FNF:7
FNH:0
FNDA:0,csvToObjects
FNDA:0,(anonymous_1)
FNDA:0,(anonymous_2)
FNDA:0,(anonymous_3)
FNDA:0,(anonymous_4)
FNDA:0,normalizeKey
FNDA:0,(anonymous_6)
DA:2,0
DA:3,0
DA:5,0
DA:7,0
DA:8,0
DA:9,0
DA:11,0
DA:12,0
DA:15,0
DA:21,0
DA:23,0
DA:25,0
DA:29,0
DA:34,0
LF:14
LH:0
BRDA:3,0,0,0
BRDA:3,0,1,0
BRDA:12,1,0,0
BRDA:12,1,1,0
BRDA:29,2,0,0
BRDA:29,2,1,0
BRF:6
BRH:0
end_of_record
TN:
SF:src/lib/bulkProcessor.ts
FN:7,bulkProcessor
FN:9,(anonymous_1)
FN:22,validateAndProcess
FNF:3
FNH:0
FNDA:0,bulkProcessor
FNDA:0,(anonymous_1)
FNDA:0,validateAndProcess
DA:5,0
DA:8,0
DA:9,0
DA:23,0
DA:32,0
DA:43,0
DA:44,0
DA:48,0
LF:8
LH:0
BRDA:23,0,0,0
BRDA:23,0,1,0
BRDA:24,1,0,0
BRDA:24,1,1,0
BRDA:24,1,2,0
BRDA:24,1,3,0
BRDA:24,1,4,0
BRDA:24,1,5,0
BRDA:24,1,6,0
BRF:9
BRH:0
end_of_record
TN:
SF:src/lib/singleProcessor.ts
FN:5,singleProcessor
FN:23,validateAndProcess
FNF:2
FNH:0
FNDA:0,singleProcessor
FNDA:0,validateAndProcess
DA:3,0
DA:6,0
DA:24,0
DA:37,0
DA:51,0
DA:55,0
LF:6
LH:0
BRDA:24,0,0,0
BRDA:24,0,1,0
BRDA:25,1,0,0
BRDA:25,1,1,0
BRDA:25,1,2,0
BRDA:25,1,3,0
BRDA:25,1,4,0
BRDA:25,1,5,0
BRDA:25,1,6,0
BRDA:25,1,7,0
BRDA:25,1,8,0
BRDA:25,1,9,0
BRDA:25,1,10,0
BRF:13
BRH:0
end_of_record
TN:
SF:src/lib/utils.ts
FN:4,cn
FNF:1
FNH:0
FNDA:0,cn
DA:5,0
LF:1
LH:0
BRF:0
BRH:0
end_of_record
TN:
SF:src/pages/AllResultsTable.tsx
FN:15,AllResultsTable
FN:18,(anonymous_1)
FN:19,fetchData
FN:43,(anonymous_3)
FNF:4
FNH:0
FNDA:0,AllResultsTable
FNDA:0,(anonymous_1)
FNDA:0,fetchData
FNDA:0,(anonymous_3)
DA:12,0
DA:16,0
DA:18,0
DA:20,0
DA:21,0
DA:23,0
DA:26,0
DA:44,0
LF:8
LH:0
BRDA:38,0,0,0
BRDA:38,0,1,0
BRF:2
BRH:0
end_of_record
TN:
SF:src/pages/Calculator.tsx
FN:51,Calculator
FN:69,onSubmit
FN:89,(anonymous_2)
FN:102,(anonymous_3)
FN:106,(anonymous_4)
FN:115,(anonymous_5)
FN:119,(anonymous_6)
FN:128,(anonymous_7)
FN:132,(anonymous_8)
FN:141,(anonymous_9)
FN:145,(anonymous_10)
FN:154,(anonymous_11)
FN:158,(anonymous_12)
FN:167,(anonymous_13)
FN:189,(anonymous_14)
FNF:15
FNH:0
FNDA:0,Calculator
FNDA:0,onSubmit
FNDA:0,(anonymous_2)
FNDA:0,(anonymous_3)
FNDA:0,(anonymous_4)
FNDA:0,(anonymous_5)
FNDA:0,(anonymous_6)
FNDA:0,(anonymous_7)
FNDA:0,(anonymous_8)
FNDA:0,(anonymous_9)
FNDA:0,(anonymous_10)
FNDA:0,(anonymous_11)
FNDA:0,(anonymous_12)
FNDA:0,(anonymous_13)
FNDA:0,(anonymous_14)
DA:26,0
DA:52,0
DA:54,0
DA:70,0
DA:73,0
DA:90,0
DA:103,0
DA:106,0
DA:116,0
DA:119,0
DA:129,0
DA:132,0
DA:142,0
DA:145,0
DA:155,0
DA:158,0
DA:168,0
DA:190,0
LF:18
LH:0
BRF:0
BRH:0
end_of_record
TN:
SF:src/pages/Home.tsx
FN:9,Home
FN:12,(anonymous_1)
FN:18,(anonymous_2)
FN:39,(anonymous_3)
FN:74,(anonymous_4)
FNF:5
FNH:0
FNDA:0,Home
FNDA:0,(anonymous_1)
FNDA:0,(anonymous_2)
FNDA:0,(anonymous_3)
FNDA:0,(anonymous_4)
DA:10,0
DA:12,0
DA:13,0
DA:14,0
DA:16,0
DA:17,0
DA:18,0
DA:21,0
DA:23,0
DA:39,0
DA:74,0
LF:11
LH:0
BRDA:14,0,0,0
BRDA:14,0,1,0
BRF:2
BRH:0
end_of_record
TN:
SF:src/pages/Results.tsx
FN:20,Results
FN:29,(anonymous_1)
FN:54,(anonymous_2)
FN:63,(anonymous_3)
FN:69,(anonymous_4)
FNF:5
FNH:0
FNDA:0,Results
FNDA:0,(anonymous_1)
FNDA:0,(anonymous_2)
FNDA:0,(anonymous_3)
FNDA:0,(anonymous_4)
DA:21,0
DA:22,0
DA:23,0
DA:26,0
DA:28,0
DA:29,0
DA:30,0
DA:31,0
DA:34,0
DA:35,0
DA:36,0
DA:39,0
DA:55,0
DA:63,0
DA:69,0
LF:15
LH:0
BRDA:22,0,0,0
BRDA:22,0,1,0
BRDA:31,1,0,0
BRDA:31,1,1,0
BRDA:34,2,0,0
BRDA:34,2,1,0
BRF:6
BRH:0
end_of_record
TN:
SF:src/routers/routes.tsx
FN:7,RoutesList
FNF:1
FNH:0
FNDA:0,RoutesList
DA:8,0
LF:1
LH:0
BRF:0
BRH:0
end_of_record
TN:
SF:src/rules/approvalRules.ts
FN:25,getApprovalDecision
FN:33,decisionMaker
FNF:2
FNH:2
FNDA:3,getApprovalDecision
FNDA:3,decisionMaker
DA:26,3
DA:27,3
DA:28,3
DA:29,3
DA:30,3
DA:34,3
DA:38,1
DA:40,2
DA:44,1
DA:46,1
LF:10
LH:10
BRDA:34,0,0,1
BRDA:34,0,1,2
BRDA:35,1,0,3
BRDA:35,1,1,2
BRDA:35,1,2,2
BRDA:40,2,0,1
BRDA:40,2,1,1
BRDA:41,3,0,2
BRDA:41,3,1,1
BRDA:41,3,2,1
BRF:10
BRH:10
end_of_record
TN:
SF:src/rules/ratios.ts
FN:1,debtToIncome
FN:5,loanToValue
FNF:2
FNH:2
FNDA:4,debtToIncome
FNDA:4,loanToValue
DA:2,4
DA:6,4
LF:2
LH:2
BRF:0
BRH:0
end_of_record
TN:
SF:src/rules/reasonsList.ts
FN:30,findReason
FN:31,(anonymous_1)
FNF:2
FNH:0
FNDA:0,findReason
FNDA:0,(anonymous_1)
DA:8,0
DA:31,0
LF:2
LH:0
BRF:0
BRH:0
end_of_record
TN:
SF:src/rules/reasonsPicker.ts
FN:4,getReasonsForDecision
FNF:1
FNH:1
FNDA:3,getReasonsForDecision
DA:5,3
DA:7,3
DA:8,1
DA:9,1
DA:10,1
DA:13,3
DA:14,1
DA:15,1
DA:16,1
DA:17,1
DA:18,1
DA:21,3
DA:22,1
DA:23,1
DA:24,1
DA:27,3
LF:16
LH:16
BRDA:7,0,0,1
BRDA:7,0,1,2
BRDA:8,1,0,1
BRDA:8,1,1,0
BRDA:9,2,0,1
BRDA:9,2,1,0
BRDA:10,3,0,1
BRDA:10,3,1,0
BRDA:13,4,0,1
BRDA:13,4,1,2
BRDA:14,5,0,0
BRDA:14,5,1,1
BRDA:14,6,0,1
BRDA:14,6,1,0
BRDA:15,7,0,0
BRDA:15,7,1,1
BRDA:15,8,0,1
BRDA:15,8,1,0
BRDA:16,9,0,1
BRDA:16,9,1,0
BRDA:16,10,0,1
BRDA:16,10,1,1
BRDA:21,11,0,1
BRDA:21,11,1,2
BRDA:22,12,0,1
BRDA:22,12,1,0
BRDA:23,13,0,1
BRDA:23,13,1,0
BRDA:24,14,0,1
BRDA:24,14,1,0
BRF:30
BRH:19
end_of_record
TN:
SF:src/services/dataService.ts
FN:29,(anonymous_0)
FN:34,(anonymous_1)
FN:53,(anonymous_2)
FN:58,(anonymous_3)
FNF:4
FNH:0
FNDA:0,(anonymous_0)
FNDA:0,(anonymous_1)
FNDA:0,(anonymous_2)
FNDA:0,(anonymous_3)
DA:28,0
DA:30,0
DA:35,0
DA:48,0
DA:49,0
DA:50,0
DA:54,0
DA:55,0
DA:59,0
DA:60,0
LF:10
LH:0
BRF:0
BRH:0
end_of_record
